This is pdfTeX, Version 3.14159265-2.6-1.40.20 (TeX Live 2019) (preloaded format=pdflatex 2019.7.3)  19 OCT 2020 15:51
entering extended mode
 restricted \write18 enabled.
 file:line:error style messages enabled.
 %&-line parsing enabled.
**NoveltyTagm_rev1_clean_pdwk.tex
(./NoveltyTagm_rev1_clean_pdwk.tex
LaTeX2e <2018-12-01>
(/usr/local/texlive/2019/texmf-dist/tex/latex/base/article.cls
Document Class: article 2018/09/03 v1.4i Standard LaTeX document class
(/usr/local/texlive/2019/texmf-dist/tex/latex/base/size12.clo
File: size12.clo 2018/09/03 v1.4i Standard LaTeX file (size option)
)
\c@part=\count80
\c@section=\count81
\c@subsection=\count82
\c@subsubsection=\count83
\c@paragraph=\count84
\c@subparagraph=\count85
\c@figure=\count86
\c@table=\count87
\abovecaptionskip=\skip41
\belowcaptionskip=\skip42
\bibindent=\dimen102
) (./natbib.sty
Package: natbib 1998/02/19 6.8 (PWD)
\bibhang=\skip43
\bibsep=\skip44
LaTeX Info: Redefining \cite on input line 451.
\c@NAT@ctr=\count88
)
(/usr/local/texlive/2019/texmf-dist/tex/latex/amsmath/amsmath.sty
Package: amsmath 2018/12/01 v2.17b AMS math features
\@mathmargin=\skip45

For additional information on amsmath, use the `?' option.
(/usr/local/texlive/2019/texmf-dist/tex/latex/amsmath/amstext.sty
Package: amstext 2000/06/29 v2.01 AMS text

(/usr/local/texlive/2019/texmf-dist/tex/latex/amsmath/amsgen.sty
File: amsgen.sty 1999/11/30 v2.0 generic functions
\@emptytoks=\toks14
\ex@=\dimen103
))
(/usr/local/texlive/2019/texmf-dist/tex/latex/amsmath/amsbsy.sty
Package: amsbsy 1999/11/29 v1.2d Bold Symbols
\pmbraise@=\dimen104
)
(/usr/local/texlive/2019/texmf-dist/tex/latex/amsmath/amsopn.sty
Package: amsopn 2016/03/08 v2.02 operator names
)
\inf@bad=\count89
LaTeX Info: Redefining \frac on input line 223.
\uproot@=\count90
\leftroot@=\count91
LaTeX Info: Redefining \overline on input line 385.
\classnum@=\count92
\DOTSCASE@=\count93
LaTeX Info: Redefining \ldots on input line 482.
LaTeX Info: Redefining \dots on input line 485.
LaTeX Info: Redefining \cdots on input line 606.
\Mathstrutbox@=\box27
\strutbox@=\box28
\big@size=\dimen105
LaTeX Font Info:    Redeclaring font encoding OML on input line 729.
LaTeX Font Info:    Redeclaring font encoding OMS on input line 730.
\macc@depth=\count94
\c@MaxMatrixCols=\count95
\dotsspace@=\muskip10
\c@parentequation=\count96
\dspbrk@lvl=\count97
\tag@help=\toks15
\row@=\count98
\column@=\count99
\maxfields@=\count100
\andhelp@=\toks16
\eqnshift@=\dimen106
\alignsep@=\dimen107
\tagshift@=\dimen108
\tagwidth@=\dimen109
\totwidth@=\dimen110
\lineht@=\dimen111
\@envbody=\toks17
\multlinegap=\skip46
\multlinetaggap=\skip47
\mathdisplay@stack=\toks18
LaTeX Info: Redefining \[ on input line 2844.
LaTeX Info: Redefining \] on input line 2845.
)
(/usr/local/texlive/2019/texmf-dist/tex/latex/mathtools/mathtools.sty
Package: mathtools 2018/01/08 v1.21 mathematical typesetting tools

(/usr/local/texlive/2019/texmf-dist/tex/latex/graphics/keyval.sty
Package: keyval 2014/10/28 v1.15 key=value parser (DPC)
\KV@toks@=\toks19
)
(/usr/local/texlive/2019/texmf-dist/tex/latex/tools/calc.sty
Package: calc 2017/05/25 v4.3 Infix arithmetic (KKT,FJ)
\calc@Acount=\count101
\calc@Bcount=\count102
\calc@Adimen=\dimen112
\calc@Bdimen=\dimen113
\calc@Askip=\skip48
\calc@Bskip=\skip49
LaTeX Info: Redefining \setlength on input line 80.
LaTeX Info: Redefining \addtolength on input line 81.
\calc@Ccount=\count103
\calc@Cskip=\skip50
)
(/usr/local/texlive/2019/texmf-dist/tex/latex/mathtools/mhsetup.sty
Package: mhsetup 2017/03/31 v1.3 programming setup (MH)
)
LaTeX Info: Thecontrolsequence`\('isalreadyrobust on input line 129.
LaTeX Info: Thecontrolsequence`\)'isalreadyrobust on input line 129.
LaTeX Info: Thecontrolsequence`\['isalreadyrobust on input line 129.
LaTeX Info: Thecontrolsequence`\]'isalreadyrobust on input line 129.
\g_MT_multlinerow_int=\count104
\l_MT_multwidth_dim=\dimen114
\origjot=\skip51
\l_MT_shortvdotswithinadjustabove_dim=\dimen115
\l_MT_shortvdotswithinadjustbelow_dim=\dimen116
\l_MT_above_intertext_sep=\dimen117
\l_MT_below_intertext_sep=\dimen118
\l_MT_above_shortintertext_sep=\dimen119
\l_MT_below_shortintertext_sep=\dimen120
)
(/usr/local/texlive/2019/texmf-dist/tex/latex/amsfonts/amssymb.sty
Package: amssymb 2013/01/14 v3.01 AMS font symbols

(/usr/local/texlive/2019/texmf-dist/tex/latex/amsfonts/amsfonts.sty
Package: amsfonts 2013/01/14 v3.01 Basic AMSFonts support
\symAMSa=\mathgroup4
\symAMSb=\mathgroup5
LaTeX Font Info:    Overwriting math alphabet `\mathfrak' in version `bold'
(Font)                  U/euf/m/n --> U/euf/b/n on input line 106.
))
(/usr/local/texlive/2019/texmf-dist/tex/latex/jknapltx/mathrsfs.sty
Package: mathrsfs 1996/01/01 Math RSFS package v1.0 (jk)
\symrsfs=\mathgroup6
)
(/usr/local/texlive/2019/texmf-dist/tex/latex/doublestroke/dsfont.sty
Package: dsfont 1995/08/01 v0.1 Double stroke roman fonts
)
(/usr/local/texlive/2019/texmf-dist/tex/latex/amscls/amsthm.sty
Package: amsthm 2017/10/31 v2.20.4
\thm@style=\toks20
\thm@bodyfont=\toks21
\thm@headfont=\toks22
\thm@notefont=\toks23
\thm@headpunct=\toks24
\thm@preskip=\skip52
\thm@postskip=\skip53
\thm@headsep=\skip54
\dth@everypar=\toks25
)
(/usr/local/texlive/2019/texmf-dist/tex/latex/geometry/geometry.sty
Package: geometry 2018/04/16 v5.8 Page Geometry

(/usr/local/texlive/2019/texmf-dist/tex/generic/oberdiek/ifpdf.sty
Package: ifpdf 2018/09/07 v3.3 Provides the ifpdf switch
)
(/usr/local/texlive/2019/texmf-dist/tex/generic/oberdiek/ifvtex.sty
Package: ifvtex 2016/05/16 v1.6 Detect VTeX and its facilities (HO)
Package ifvtex Info: VTeX not detected.
)
(/usr/local/texlive/2019/texmf-dist/tex/generic/ifxetex/ifxetex.sty
Package: ifxetex 2010/09/12 v0.6 Provides ifxetex conditional
)
\Gm@cnth=\count105
\Gm@cntv=\count106
\c@Gm@tempcnt=\count107
\Gm@bindingoffset=\dimen121
\Gm@wd@mp=\dimen122
\Gm@odd@mp=\dimen123
\Gm@even@mp=\dimen124
\Gm@layoutwidth=\dimen125
\Gm@layoutheight=\dimen126
\Gm@layouthoffset=\dimen127
\Gm@layoutvoffset=\dimen128
\Gm@dimlist=\toks26
)
(/usr/local/texlive/2019/texmf-dist/tex/latex/algorithmicx/algpseudocode.sty
Package: algpseudocode 

(/usr/local/texlive/2019/texmf-dist/tex/latex/base/ifthen.sty
Package: ifthen 2014/09/29 v1.1c Standard LaTeX ifthen package (DPC)
)
(/usr/local/texlive/2019/texmf-dist/tex/latex/algorithmicx/algorithmicx.sty
Package: algorithmicx 2005/04/27 v1.2 Algorithmicx

Document Style algorithmicx 1.2 - a greatly improved `algorithmic' style
\c@ALG@line=\count108
\c@ALG@rem=\count109
\c@ALG@nested=\count110
\ALG@tlm=\skip55
\ALG@thistlm=\skip56
\c@ALG@Lnr=\count111
\c@ALG@blocknr=\count112
\c@ALG@storecount=\count113
\c@ALG@tmpcounter=\count114
\ALG@tmplength=\skip57
)
Document Style - pseudocode environments for use with the `algorithmicx' style
) (/usr/local/texlive/2019/texmf-dist/tex/latex/algorithms/algorithm.sty
Package: algorithm 2009/08/24 v0.1 Document Style `algorithm' - floating enviro
nment

(/usr/local/texlive/2019/texmf-dist/tex/latex/float/float.sty
Package: float 2001/11/08 v1.3d Float enhancements (AL)
\c@float@type=\count115
\float@exts=\toks27
\float@box=\box29
\@float@everytoks=\toks28
\@floatcapt=\box30
)
\@float@every@algorithm=\toks29
\c@algorithm=\count116
)
(/usr/local/texlive/2019/texmf-dist/tex/latex/caption/caption.sty
Package: caption 2018/10/06 v3.3-154 Customizing captions (AR)

(/usr/local/texlive/2019/texmf-dist/tex/latex/caption/caption3.sty
Package: caption3 2018/09/12 v1.8c caption3 kernel (AR)
Package caption3 Info: TeX engine: e-TeX on input line 64.
\captionmargin=\dimen129
\captionmargin@=\dimen130
\captionwidth=\dimen131
\caption@tempdima=\dimen132
\caption@indent=\dimen133
\caption@parindent=\dimen134
\caption@hangindent=\dimen135
)
\c@caption@flags=\count117
\c@ContinuedFloat=\count118
Package caption Info: float package is loaded.
)
(/usr/local/texlive/2019/texmf-dist/tex/latex/base/fontenc.sty
Package: fontenc 2018/08/11 v2.0j Standard LaTeX package

(/usr/local/texlive/2019/texmf-dist/tex/latex/base/t1enc.def
File: t1enc.def 2018/08/11 v2.0j Standard LaTeX file
LaTeX Font Info:    Redeclaring font encoding T1 on input line 48.
))
(/usr/local/texlive/2019/texmf-dist/tex/generic/babel/babel.sty
Package: babel 2019/05/04 3.31 The Babel package

(/usr/local/texlive/2019/texmf-dist/tex/generic/babel/switch.def
File: switch.def 2019/05/04 3.31 Babel switching mechanism
)
(/usr/local/texlive/2019/texmf-dist/tex/generic/babel-english/english.ldf
Language: english 2017/06/06 v3.3r English support from the babel system

(/usr/local/texlive/2019/texmf-dist/tex/generic/babel/babel.def
File: babel.def 2019/05/04 3.31 Babel common definitions
\babel@savecnt=\count119
\U@D=\dimen136

(/usr/local/texlive/2019/texmf-dist/tex/generic/babel/txtbabel.def)
\bbl@dirlevel=\count120
)
\l@canadian = a dialect from \language\l@american 
\l@australian = a dialect from \language\l@british 
\l@newzealand = a dialect from \language\l@british 
))
(/usr/local/texlive/2019/texmf-dist/tex/latex/graphics/graphicx.sty
Package: graphicx 2017/06/01 v1.1a Enhanced LaTeX Graphics (DPC,SPQR)

(/usr/local/texlive/2019/texmf-dist/tex/latex/graphics/graphics.sty
Package: graphics 2017/06/25 v1.2c Standard LaTeX Graphics (DPC,SPQR)

(/usr/local/texlive/2019/texmf-dist/tex/latex/graphics/trig.sty
Package: trig 2016/01/03 v1.10 sin cos tan (DPC)
)
(/usr/local/texlive/2019/texmf-dist/tex/latex/graphics-cfg/graphics.cfg
File: graphics.cfg 2016/06/04 v1.11 sample graphics configuration
)
Package graphics Info: Driver file: pdftex.def on input line 99.

(/usr/local/texlive/2019/texmf-dist/tex/latex/graphics-def/pdftex.def
File: pdftex.def 2018/01/08 v1.0l Graphics/color driver for pdftex
))
\Gin@req@height=\dimen137
\Gin@req@width=\dimen138
)
(/usr/local/texlive/2019/texmf-dist/tex/latex/graphics/color.sty
Package: color 2016/07/10 v1.1e Standard LaTeX Color (DPC)

(/usr/local/texlive/2019/texmf-dist/tex/latex/graphics-cfg/color.cfg
File: color.cfg 2016/01/02 v1.6 sample color configuration
)
Package color Info: Driver file: pdftex.def on input line 147.
)
(/usr/local/texlive/2019/texmf-dist/tex/latex/caption/subcaption.sty
Package: subcaption 2018/05/01 v1.1-162 Sub-captions (AR)
\c@subfigure=\count121
\c@subtable=\count122
)
(/usr/local/texlive/2019/texmf-dist/tex/latex/hyperref/hyperref.sty
Package: hyperref 2018/11/30 v6.88e Hypertext links for LaTeX

(/usr/local/texlive/2019/texmf-dist/tex/generic/oberdiek/hobsub-hyperref.sty
Package: hobsub-hyperref 2016/05/16 v1.14 Bundle oberdiek, subset hyperref (HO)


(/usr/local/texlive/2019/texmf-dist/tex/generic/oberdiek/hobsub-generic.sty
Package: hobsub-generic 2016/05/16 v1.14 Bundle oberdiek, subset generic (HO)
Package: hobsub 2016/05/16 v1.14 Construct package bundles (HO)
Package: infwarerr 2016/05/16 v1.4 Providing info/warning/error messages (HO)
Package: ltxcmds 2016/05/16 v1.23 LaTeX kernel commands for general use (HO)
Package: ifluatex 2016/05/16 v1.4 Provides the ifluatex switch (HO)
Package ifluatex Info: LuaTeX not detected.
Package hobsub Info: Skipping package `ifvtex' (already loaded).
Package: intcalc 2016/05/16 v1.2 Expandable calculations with integers (HO)
Package hobsub Info: Skipping package `ifpdf' (already loaded).
Package: etexcmds 2016/05/16 v1.6 Avoid name clashes with e-TeX commands (HO)
Package: kvsetkeys 2016/05/16 v1.17 Key value parser (HO)
Package: kvdefinekeys 2016/05/16 v1.4 Define keys (HO)
Package: pdftexcmds 2018/09/10 v0.29 Utility functions of pdfTeX for LuaTeX (HO
)
Package pdftexcmds Info: LuaTeX not detected.
Package pdftexcmds Info: \pdf@primitive is available.
Package pdftexcmds Info: \pdf@ifprimitive is available.
Package pdftexcmds Info: \pdfdraftmode found.
Package: pdfescape 2016/05/16 v1.14 Implements pdfTeX's escape features (HO)
Package: bigintcalc 2016/05/16 v1.4 Expandable calculations on big integers (HO
)
Package: bitset 2016/05/16 v1.2 Handle bit-vector datatype (HO)
Package: uniquecounter 2016/05/16 v1.3 Provide unlimited unique counter (HO)
)
Package hobsub Info: Skipping package `hobsub' (already loaded).
Package: letltxmacro 2016/05/16 v1.5 Let assignment for LaTeX macros (HO)
Package: hopatch 2016/05/16 v1.3 Wrapper for package hooks (HO)
Package: xcolor-patch 2016/05/16 xcolor patch
Package: atveryend 2016/05/16 v1.9 Hooks at the very end of document (HO)
Package atveryend Info: \enddocument detected (standard20110627).
Package: atbegshi 2016/06/09 v1.18 At begin shipout hook (HO)
Package: refcount 2016/05/16 v3.5 Data extraction from label references (HO)
Package: hycolor 2016/05/16 v1.8 Color options for hyperref/bookmark (HO)
)
(/usr/local/texlive/2019/texmf-dist/tex/latex/oberdiek/auxhook.sty
Package: auxhook 2016/05/16 v1.4 Hooks for auxiliary files (HO)
)
(/usr/local/texlive/2019/texmf-dist/tex/latex/oberdiek/kvoptions.sty
Package: kvoptions 2016/05/16 v3.12 Key value format for package options (HO)
)
\@linkdim=\dimen139
\Hy@linkcounter=\count123
\Hy@pagecounter=\count124

(/usr/local/texlive/2019/texmf-dist/tex/latex/hyperref/pd1enc.def
File: pd1enc.def 2018/11/30 v6.88e Hyperref: PDFDocEncoding definition (HO)
Now handling font encoding PD1 ...
... no UTF-8 mapping file for font encoding PD1
)
\Hy@SavedSpaceFactor=\count125

(/usr/local/texlive/2019/texmf-dist/tex/latex/latexconfig/hyperref.cfg
File: hyperref.cfg 2002/06/06 v1.2 hyperref configuration of TeXLive
)
Package hyperref Info: Option `colorlinks' set `true' on input line 4393.
Package hyperref Info: Hyper figures OFF on input line 4519.
Package hyperref Info: Link nesting OFF on input line 4524.
Package hyperref Info: Hyper index ON on input line 4527.
Package hyperref Info: Plain pages OFF on input line 4534.
Package hyperref Info: Backreferencing OFF on input line 4539.
Package hyperref Info: Implicit mode ON; LaTeX internals redefined.
Package hyperref Info: Bookmarks ON on input line 4772.
\c@Hy@tempcnt=\count126

(/usr/local/texlive/2019/texmf-dist/tex/latex/url/url.sty
\Urlmuskip=\muskip11
Package: url 2013/09/16  ver 3.4  Verb mode for urls, etc.
)
LaTeX Info: Redefining \url on input line 5125.
\XeTeXLinkMargin=\dimen140
\Fld@menulength=\count127
\Field@Width=\dimen141
\Fld@charsize=\dimen142
Package hyperref Info: Hyper figures OFF on input line 6380.
Package hyperref Info: Link nesting OFF on input line 6385.
Package hyperref Info: Hyper index ON on input line 6388.
Package hyperref Info: backreferencing OFF on input line 6395.
Package hyperref Info: Link coloring ON on input line 6398.
Package hyperref Info: Link coloring with OCG OFF on input line 6405.
Package hyperref Info: PDF/A mode OFF on input line 6410.
LaTeX Info: Redefining \ref on input line 6450.
LaTeX Info: Redefining \pageref on input line 6454.
\Hy@abspage=\count128
\c@Item=\count129
\c@Hfootnote=\count130
)
Package hyperref Info: Driver (autodetected): hpdftex.

(/usr/local/texlive/2019/texmf-dist/tex/latex/hyperref/hpdftex.def
File: hpdftex.def 2018/11/30 v6.88e Hyperref driver for pdfTeX
\Fld@listcount=\count131
\c@bookmark@seq@number=\count132

(/usr/local/texlive/2019/texmf-dist/tex/latex/oberdiek/rerunfilecheck.sty
Package: rerunfilecheck 2016/05/16 v1.8 Rerun checks for auxiliary files (HO)
Package uniquecounter Info: New unique counter `rerunfilecheck' on input line 2
82.
)
\Hy@SectionHShift=\skip58
)
(/usr/local/texlive/2019/texmf-dist/tex/latex/enumitem/enumitem.sty
Package: enumitem 2019/02/04 v3.8 Customized lists
\labelindent=\skip59
\enit@outerparindent=\dimen143
\enit@toks=\toks30
\enit@inbox=\box31
\enit@count@id=\count133
\enitdp@description=\count134
)
(/usr/local/texlive/2019/texmf-dist/tex/latex/preprint/authblk.sty
Package: authblk 2001/02/27 1.3 (PWD)
\affilsep=\skip60
\@affilsep=\skip61
\c@Maxaffil=\count135
\c@authors=\count136
\c@affil=\count137
)
(/usr/local/texlive/2019/texmf-dist/tex/latex/psnfss/pifont.sty
Package: pifont 2005/04/12 PSNFSS-v9.2a Pi font support (SPQR) 
LaTeX Font Info:    Try loading font information for U+pzd on input line 63.

(/usr/local/texlive/2019/texmf-dist/tex/latex/psnfss/upzd.fd
File: upzd.fd 2001/06/04 font definitions for U/pzd.
)
LaTeX Font Info:    Try loading font information for U+psy on input line 64.

(/usr/local/texlive/2019/texmf-dist/tex/latex/psnfss/upsy.fd
File: upsy.fd 2001/06/04 font definitions for U/psy.
))
(/usr/local/texlive/2019/texmf-dist/tex/latex/lineno/lineno.sty
Package: lineno 2005/11/02 line numbers on paragraphs v4.41
\linenopenalty=\count138
\output=\toks31
\linenoprevgraf=\count139
\linenumbersep=\dimen144
\linenumberwidth=\dimen145
\c@linenumber=\count140
\c@pagewiselinenumber=\count141
\c@LN@truepage=\count142
\c@internallinenumber=\count143
\c@internallinenumbers=\count144
\quotelinenumbersep=\dimen146
\bframerule=\dimen147
\bframesep=\dimen148
\bframebox=\box32
LaTeX Info: Redefining \\ on input line 3056.
)
(/usr/local/texlive/2019/texmf-dist/tex/generic/ulem/ulem.sty
\UL@box=\box33
\UL@hyphenbox=\box34
\UL@skip=\skip62
\UL@hook=\toks32
\UL@height=\dimen149
\UL@pe=\count145
\UL@pixel=\dimen150
\ULC@box=\box35
Package: ulem 2012/05/18
\ULdepth=\dimen151
)
(/usr/local/texlive/2019/texmf-dist/tex/latex/adjustbox/adjustbox.sty
Package: adjustbox 2019/01/04 v1.2 Adjusting TeX boxes (trim, clip, ...)

(/usr/local/texlive/2019/texmf-dist/tex/latex/xkeyval/xkeyval.sty
Package: xkeyval 2014/12/03 v2.7a package option processing (HA)

(/usr/local/texlive/2019/texmf-dist/tex/generic/xkeyval/xkeyval.tex
(/usr/local/texlive/2019/texmf-dist/tex/generic/xkeyval/xkvutils.tex
\XKV@toks=\toks33
\XKV@tempa@toks=\toks34
)
\XKV@depth=\count146
File: xkeyval.tex 2014/12/03 v2.7a key=value parser (HA)
))
(/usr/local/texlive/2019/texmf-dist/tex/latex/adjustbox/adjcalc.sty
Package: adjcalc 2012/05/16 v1.1 Provides advanced setlength with multiple back
-ends (calc, etex, pgfmath)
)
(/usr/local/texlive/2019/texmf-dist/tex/latex/adjustbox/trimclip.sty
Package: trimclip 2018/04/08 v1.1 Trim and clip general TeX material

(/usr/local/texlive/2019/texmf-dist/tex/latex/collectbox/collectbox.sty
Package: collectbox 2012/05/17 v0.4b Collect macro arguments as boxes
\collectedbox=\box36
)
\tc@llx=\dimen152
\tc@lly=\dimen153
\tc@urx=\dimen154
\tc@ury=\dimen155
Package trimclip Info: Using driver 'tc-pdftex.def'.

(/usr/local/texlive/2019/texmf-dist/tex/latex/adjustbox/tc-pdftex.def
File: tc-pdftex.def 2019/01/04 v2.2 Clipping driver for pdftex
))
\adjbox@Width=\dimen156
\adjbox@Height=\dimen157
\adjbox@Depth=\dimen158
\adjbox@Totalheight=\dimen159
\adjbox@pwidth=\dimen160
\adjbox@pheight=\dimen161
\adjbox@pdepth=\dimen162
\adjbox@ptotalheight=\dimen163

(/usr/local/texlive/2019/texmf-dist/tex/latex/ifoddpage/ifoddpage.sty
Package: ifoddpage 2016/04/23 v1.1 Conditionals for odd/even page detection
\c@checkoddpage=\count147
)
(/usr/local/texlive/2019/texmf-dist/tex/latex/varwidth/varwidth.sty
Package: varwidth 2009/03/30 ver 0.92;  Variable-width minipages
\@vwid@box=\box37
\sift@deathcycles=\count148
\@vwid@loff=\dimen164
\@vwid@roff=\dimen165
))
(/usr/local/texlive/2019/texmf-dist/tex/latex/hyperref/nameref.sty
Package: nameref 2016/05/21 v2.44 Cross-referencing by name of section

(/usr/local/texlive/2019/texmf-dist/tex/generic/oberdiek/gettitlestring.sty
Package: gettitlestring 2016/05/16 v1.5 Cleanup title references (HO)
)
\c@section@level=\count149
)
No file NoveltyTagm_rev1_clean_pdwk.aux.
\openout1 = `NoveltyTagm_rev1_clean_pdwk.aux'.

LaTeX Font Info:    Checking defaults for OML/cmm/m/it on input line 63.
LaTeX Font Info:    ... okay on input line 63.
LaTeX Font Info:    Checking defaults for T1/cmr/m/n on input line 63.
LaTeX Font Info:    ... okay on input line 63.
LaTeX Font Info:    Checking defaults for OT1/cmr/m/n on input line 63.
LaTeX Font Info:    ... okay on input line 63.
LaTeX Font Info:    Checking defaults for OMS/cmsy/m/n on input line 63.
LaTeX Font Info:    ... okay on input line 63.
LaTeX Font Info:    Checking defaults for OMX/cmex/m/n on input line 63.
LaTeX Font Info:    ... okay on input line 63.
LaTeX Font Info:    Checking defaults for U/cmr/m/n on input line 63.
LaTeX Font Info:    ... okay on input line 63.
LaTeX Font Info:    Checking defaults for PD1/pdf/m/n on input line 63.
LaTeX Font Info:    ... okay on input line 63.
*geometry* driver: auto-detecting
*geometry* detected driver: pdftex
*geometry* verbose mode - [ preamble ] result:
* driver: pdftex
* paper: <default>
* layout: <same size as paper>
* layoutoffset:(h,v)=(0.0pt,0.0pt)
* modes: 
* h-part:(L,W,R)=(72.26999pt, 469.75502pt, 72.26999pt)
* v-part:(T,H,B)=(72.26999pt, 650.43001pt, 72.26999pt)
* \paperwidth=614.295pt
* \paperheight=794.96999pt
* \textwidth=469.75502pt
* \textheight=650.43001pt
* \oddsidemargin=0.0pt
* \evensidemargin=0.0pt
* \topmargin=-37.0pt
* \headheight=12.0pt
* \headsep=25.0pt
* \topskip=12.0pt
* \footskip=30.0pt
* \marginparwidth=44.0pt
* \marginparsep=10.0pt
* \columnsep=10.0pt
* \skip\footins=10.8pt plus 4.0pt minus 2.0pt
* \hoffset=0.0pt
* \voffset=0.0pt
* \mag=1000
* \@twocolumnfalse
* \@twosidefalse
* \@mparswitchfalse
* \@reversemarginfalse
* (1in=72.27pt=25.4mm, 1cm=28.453pt)

Package caption Info: Begin \AtBeginDocument code.
Package caption Info: hyperref package is loaded.
Package caption Info: End \AtBeginDocument code.
(/usr/local/texlive/2019/texmf-dist/tex/context/base/mkii/supp-pdf.mkii
[Loading MPS to PDF converter (version 2006.09.02).]
\scratchcounter=\count150
\scratchdimen=\dimen166
\scratchbox=\box38
\nofMPsegments=\count151
\nofMParguments=\count152
\everyMPshowfont=\toks35
\MPscratchCnt=\count153
\MPscratchDim=\dimen167
\MPnumerator=\count154
\makeMPintoPDFobject=\count155
\everyMPtoPDFconversion=\toks36
) (/usr/local/texlive/2019/texmf-dist/tex/latex/oberdiek/epstopdf-base.sty
Package: epstopdf-base 2016/05/15 v2.6 Base part for package epstopdf

(/usr/local/texlive/2019/texmf-dist/tex/latex/oberdiek/grfext.sty
Package: grfext 2016/05/16 v1.2 Manage graphics extensions (HO)
)
Package epstopdf-base Info: Redefining graphics rule for `.eps' on input line 4
38.
Package grfext Info: Graphics extension search list:
(grfext)             [.pdf,.png,.jpg,.mps,.jpeg,.jbig2,.jb2,.PDF,.PNG,.JPG,.JPE
G,.JBIG2,.JB2,.eps]
(grfext)             \AppendGraphicsExtensions on input line 456.

(/usr/local/texlive/2019/texmf-dist/tex/latex/latexconfig/epstopdf-sys.cfg
File: epstopdf-sys.cfg 2010/07/13 v1.3 Configuration of (r)epstopdf for TeX Liv
e
))
\AtBeginShipoutBox=\box39
Package hyperref Info: Link coloring ON on input line 63.
LaTeX Info: Redefining \ref on input line 63.
LaTeX Info: Redefining \pageref on input line 63.
LaTeX Info: Redefining \nameref on input line 63.
\@outlinefile=\write3
\openout3 = `NoveltyTagm_rev1_clean_pdwk.out'.

LaTeX Font Info:    Try loading font information for U+msa on input line 65.

(/usr/local/texlive/2019/texmf-dist/tex/latex/amsfonts/umsa.fd
File: umsa.fd 2013/01/14 v3.01 AMS symbols A
)
LaTeX Font Info:    Try loading font information for U+msb on input line 65.

(/usr/local/texlive/2019/texmf-dist/tex/latex/amsfonts/umsb.fd
File: umsb.fd 2013/01/14 v3.01 AMS symbols B
)
LaTeX Font Info:    Try loading font information for U+rsfs on input line 65.

(/usr/local/texlive/2019/texmf-dist/tex/latex/jknapltx/ursfs.fd
File: ursfs.fd 1998/03/24 rsfs font definition file (jk)
)
LaTeX Font Info:    Try loading font information for OMS+cmr on input line 65.

(/usr/local/texlive/2019/texmf-dist/tex/latex/base/omscmr.fd
File: omscmr.fd 2014/09/29 v2.5h Standard LaTeX font definitions
)
LaTeX Font Info:    Font shape `OMS/cmr/m/n' in size <8> not available
(Font)              Font shape `OMS/cmsy/m/n' tried instead on input line 65.
LaTeX Font Info:    Font shape `OMS/cmr/m/n' in size <7> not available
(Font)              Font shape `OMS/cmsy/m/n' tried instead on input line 65.
LaTeX Font Info:    Try loading font information for T1+cmtt on input line 65.

(/usr/local/texlive/2019/texmf-dist/tex/latex/base/t1cmtt.fd
File: t1cmtt.fd 2014/09/29 v2.5h Standard LaTeX font definitions
) [1

{/usr/local/texlive/2019/texmf-var/fonts/map/pdftex/updmap/pdftex.map}]

Package natbib Warning: Citation `Kau:2004' on page 2 undefined on input line 7
2.


Package natbib Warning: Citation `Siljee:2018' on page 2 undefined on input lin
e 72.


Package natbib Warning: Citation `Laurila:2009' on page 2 undefined on input li
ne 72.


Package natbib Warning: Citation `hyper' on page 2 undefined on input line 72.


Package natbib Warning: Citation `Thul:2017' on page 2 undefined on input line 
72.


Package natbib Warning: Citation `Gibson:2009' on page 2 undefined on input lin
e 72.


Package natbib Warning: Citation `hyper' on page 2 undefined on input line 72.


Package natbib Warning: Citation `Mulvey:2017' on page 2 undefined on input lin
e 72.


Package natbib Warning: Citation `DC:2018' on page 2 undefined on input line 72
.


Package natbib Warning: Citation `Orre:2019' on page 2 undefined on input line 
72.


Package natbib Warning: Citation `Gatto:2010' on page 2 undefined on input line
 72.


Package natbib Warning: Citation `Gatto:2014b' on page 2 undefined on input lin
e 72.


Package natbib Warning: Citation `Gatto:2014b' on page 2 undefined on input lin
e 74.


Package natbib Warning: Citation `Barylyuk::2020' on page 2 undefined on input 
line 74.


Package natbib Warning: Citation `Breckels:2013' on page 2 undefined on input l
ine 76.


Package natbib Warning: Citation `Schwarz::1978' on page 2 undefined on input l
ine 76.


Package natbib Warning: Citation `Breckels:2013' on page 2 undefined on input l
ine 76.


Package natbib Warning: Citation `Dunkley:2006' on page 2 undefined on input li
ne 76.


Package natbib Warning: Citation `Tan:2009' on page 2 undefined on input line 7
6.


Package natbib Warning: Citation `Groen:2014' on page 2 undefined on input line
 76.


Package natbib Warning: Citation `Crook:2018' on page 2 undefined on input line
 78.


Package natbib Warning: Citation `Crook::2019b' on page 2 undefined on input li
ne 78.


Package natbib Warning: Citation `Crook::2019a' on page 2 undefined on input li
ne 78.


Package natbib Warning: Citation `Crook:2018' on page 2 undefined on input line
 78.


Package natbib Warning: Citation `Crook:2018' on page 2 undefined on input line
 78.


Package natbib Warning: Citation `Barylyuk::2020' on page 2 undefined on input 
line 78.


Package natbib Warning: Citation `Shin::2019' on page 2 undefined on input line
 78.

[2

]

Package natbib Warning: Citation `ferguson::1974' on page 3 undefined on input 
line 82.


Package natbib Warning: Citation `antoniak::1974' on page 3 undefined on input 
line 82.


Package natbib Warning: Citation `Richardson::1997' on page 3 undefined on inpu
t line 82.


Package natbib Warning: Citation `Rousseau::2011' on page 3 undefined on input 
line 82.


Package natbib Warning: Citation `Rousseau::2011' on page 3 undefined on input 
line 82.


Package natbib Warning: Citation `Kirk:2012' on page 3 undefined on input line 
82.


LaTeX Warning: Reference `figure:overview' on page 3 undefined on input line 82
.


LaTeX Warning: Reference `table:methods' on page 3 undefined on input line 82.


Package natbib Warning: Citation `hyper' on page 3 undefined on input line 84.


Package natbib Warning: Citation `Mulvey:2017' on page 3 undefined on input lin
e 84.


Package natbib Warning: Citation `DC:2018' on page 3 undefined on input line 84
.


Package natbib Warning: Citation `Itzhak:2016' on page 3 undefined on input lin
e 84.


Package natbib Warning: Citation `Jean_Beltran:2016' on page 3 undefined on inp
ut line 84.


Underfull \hbox (badness 10000) in paragraph at lines 102--102
[]\T1/cmr/m/n/10 Localisation
 []


Underfull \hbox (badness 10000) in paragraph at lines 102--102
[]\T1/cmr/m/n/10 Uncertainty
 []


Underfull \hbox (badness 10000) in paragraph at lines 102--102
\T1/cmr/m/n/10 in pro-tein
 []


Underfull \hbox (badness 10000) in paragraph at lines 102--102
[]\T1/cmr/m/n/10 Outlier
 []


Underfull \hbox (badness 7151) in paragraph at lines 102--102
[]\T1/cmr/m/n/10 Novelty de-
 []


Underfull \hbox (badness 10000) in paragraph at lines 102--102
[]\T1/cmr/m/n/10 Uncertainty
 []


Underfull \hbox (badness 10000) in paragraph at lines 102--102
\T1/cmr/m/n/10 in num-ber
 []


Underfull \hbox (badness 10000) in paragraph at lines 102--102
\T1/cmr/m/n/10 of novel
 []


Underfull \hbox (badness 10000) in paragraph at lines 102--102
[]\T1/cmr/m/n/10 Uncertainty
 []


Underfull \hbox (badness 10000) in paragraph at lines 102--102
\T1/cmr/m/n/10 in al-lo-ca-
 []


Package natbib Warning: Citation `Gatto:2014b' on page 3 undefined on input lin
e 105.


Underfull \hbox (badness 6825) in paragraph at lines 105--105
\T1/cmr/m/n/10 chine Learn-ing
 []


Package natbib Warning: Citation `Foster:2006' on page 3 undefined on input lin
e 107.


Package natbib Warning: Citation `Krahmer::2018' on page 3 undefined on input l
ine 107.


Package natbib Warning: Citation `Breckels:2016' on page 3 undefined on input l
ine 109.


Package natbib Warning: Citation `Orre:2019' on page 3 undefined on input line 
111.


Package natbib Warning: Citation `Breckels:2013' on page 3 undefined on input l
ine 113.


Package natbib Warning: Citation `Crook:2018' on page 3 undefined on input line
 115.


Underfull \hbox (badness 10000) in paragraph at lines 117--117
[]\T1/cmr/m/n/10 Novelty
 []


Underfull \hbox (badness 10000) in paragraph at lines 117--117
\T1/cmr/m/n/10 TAGM (This
 []


Overfull \hbox (41.03156pt too wide) in paragraph at lines 97--121
 []|  [] 
 []


LaTeX Warning: `h' float specifier changed to `ht'.


Package natbib Warning: Citation `Dunkley:2004' on page 3 undefined on input li
ne 128.


Package natbib Warning: Citation `Dunkley:2006' on page 3 undefined on input li
ne 128.


Package natbib Warning: Citation `Mulvey:2017' on page 3 undefined on input lin
e 128.


Package natbib Warning: Citation `hyper' on page 3 undefined on input line 128.



Package natbib Warning: Citation `Thul:2017' on page 3 undefined on input line 
128.


Package natbib Warning: Citation `DC:2018' on page 3 undefined on input line 12
8.


Package natbib Warning: Citation `Nightingale::2019' on page 3 undefined on inp
ut line 128.


Package natbib Warning: Citation `Thompson:2003' on page 3 undefined on input l
ine 128.


Package natbib Warning: Citation `Ting:2011' on page 3 undefined on input line 
128.


Package natbib Warning: Citation `Mcalister::2014' on page 3 undefined on input
 line 128.


Package natbib Warning: Citation `Jean_Beltran:2016' on page 3 undefined on inp
ut line 128.


Package natbib Warning: Citation `Breckels:2013' on page 3 undefined on input l
ine 128.

[3]

Package natbib Warning: Citation `Itzhak:2016' on page 4 undefined on input lin
e 130.


Package natbib Warning: Citation `Itzhak::2017' on page 4 undefined on input li
ne 130.


Package natbib Warning: Citation `Itzhak:2016' on page 4 undefined on input lin
e 130.


Package natbib Warning: Citation `Itzhak::2017' on page 4 undefined on input li
ne 130.


Package natbib Warning: Citation `Hirst:2018' on page 4 undefined on input line
 130.


Package natbib Warning: Citation `DC:2018' on page 4 undefined on input line 13
0.


Package natbib Warning: Citation `Foster:2006' on page 4 undefined on input lin
e 130.


Package natbib Warning: Citation `kristensen:2012' on page 4 undefined on input
 line 130.


Package natbib Warning: Citation `kristensen:2014' on page 4 undefined on input
 line 130.


Package natbib Warning: Citation `Orre:2019' on page 4 undefined on input line 
130.

[4]

Package natbib Warning: Citation `Crook:2018' on page 5 undefined on input line
 133.


Package natbib Warning: Citation `Crook:2018' on page 5 undefined on input line
 148.

[5]

LaTeX Warning: Reference `equation::tammeq' on page 6 undefined on input line 1
77.


Package natbib Warning: Citation `Crook:2018' on page 6 undefined on input line
 185.


LaTeX Warning: Reference `equation::tammepseq' on page 6 undefined on input lin
e 186.


Package natbib Warning: Citation `Rousseau::2011' on page 6 undefined on input 
line 197.


LaTeX Warning: Reference `section:prior' on page 6 undefined on input line 197.



Package natbib Warning: Citation `Crook:2018' on page 6 undefined on input line
 199.


Package natbib Warning: Citation `fritsch::2009' on page 6 undefined on input l
ine 201.


Package natbib Warning: Citation `fritsch::2009' on page 6 undefined on input l
ine 201.

[6]

LaTeX Warning: Reference `equation::discoveryprob' on page 7 undefined on input
 line 211.


Package natbib Warning: Citation `hyper' on page 7 undefined on input line 218.



Package natbib Warning: Citation `Mulvey:2017' on page 7 undefined on input lin
e 218.


Package natbib Warning: Citation `Thul:2017' on page 7 undefined on input line 
218.

[7]

Package natbib Warning: Citation `Thul:2017' on page 8 undefined on input line 
220.


Package natbib Warning: Citation `Sullivan:2018' on page 8 undefined on input l
ine 220.


Package natbib Warning: Citation `FDR:1995' on page 8 undefined on input line 2
22.


Package natbib Warning: Citation `Ashburner:2000' on page 8 undefined on input 
line 222.


Package natbib Warning: Citation `Yu:2012' on page 8 undefined on input line 22
2.


Package natbib Warning: Citation `DC:2018' on page 8 undefined on input line 22
4.

[8]

Package natbib Warning: Citation `Crook:2018' on page 9 undefined on input line
 227.


Package natbib Warning: Citation `mclust' on page 9 undefined on input line 227
.


Package natbib Warning: Citation `Thul:2017' on page 9 undefined on input line 
229.


Package natbib Warning: Citation `hyper' on page 9 undefined on input line 229.



LaTeX Warning: Reference `figure:chromatin' on page 9 undefined on input line 2
32.


Package natbib Warning: Citation `Thul:2017' on page 9 undefined on input line 
232.


Package natbib Warning: Citation `Sullivan:2018' on page 9 undefined on input l
ine 232.


Package natbib Warning: Citation `Thul:2017' on page 9 undefined on input line 
232.


Package natbib Warning: Citation `DC:2018' on page 9 undefined on input line 23
2.


LaTeX Warning: Reference `figure:chromatin' on page 9 undefined on input line 2
32.


LaTeX Warning: Reference `figure:chromatin' on page 9 undefined on input line 2
32.


LaTeX Warning: Reference `figure:chromatin' on page 9 undefined on input line 2
32.


LaTeX Warning: Reference `figure:chromatin' on page 9 undefined on input line 2
32.


LaTeX Warning: Reference `supplement:mesc' on page 9 undefined on input line 23
4.


LaTeX Warning: Reference `section:unsuper' on page 9 undefined on input line 23
4.

[9

]
Overfull \hbox (2.61047pt too wide) in paragraph at lines 237--253
[][] []
 []

[10]

Package natbib Warning: Citation `DC:2018' on page 11 undefined on input line 2
61.


LaTeX Warning: Reference `figure:DC' on page 11 undefined on input line 261.


Package natbib Warning: Citation `Thul:2017' on page 11 undefined on input line
 264.


LaTeX Warning: Reference `figure:DC' on page 11 undefined on input line 264.


LaTeX Warning: Reference `section:u2os' on page 11 undefined on input line 264.



Package natbib Warning: Citation `DC:2018' on page 11 undefined on input line 2
64.


Package natbib Warning: Citation `Nightingale::2019' on page 11 undefined on in
put line 269.


LaTeX Warning: Reference `figure:DC' on page 11 undefined on input line 271.


Package natbib Warning: Citation `Bue:2006' on page 11 undefined on input line 
271.


Package natbib Warning: Citation `Inadome:2005' on page 11 undefined on input l
ine 271.


Package natbib Warning: Citation `Otte:2001' on page 11 undefined on input line
 271.


Package natbib Warning: Citation `Yofe:2016' on page 11 undefined on input line
 271.


Package natbib Warning: Citation `Delic:2013' on page 11 undefined on input lin
e 271.


Package natbib Warning: Citation `Wendler:2010' on page 11 undefined on input l
ine 272.


Package natbib Warning: Citation `Cappellaro:1998' on page 11 undefined on inpu
t line 272.


Package natbib Warning: Citation `Pardo:2004' on page 11 undefined on input lin
e 272.


Package natbib Warning: Citation `Yin:2005' on page 11 undefined on input line 
272.


Package natbib Warning: Citation `Yofe:2016' on page 11 undefined on input line
 272.


Package natbib Warning: Citation `Huh:2003' on page 11 undefined on input line 
272.

[11

]

Package natbib Warning: Citation `Jean_Beltran:2016' on page 12 undefined on in
put line 274.


Package natbib Warning: Citation `Jean_Beltran:2016' on page 12 undefined on in
put line 274.


LaTeX Warning: Reference `supplement:fibroblast' on page 12 undefined on input 
line 274.


Overfull \hbox (2.61047pt too wide) in paragraph at lines 277--309
[][] []
 []


Overfull \hbox (2.61047pt too wide) in paragraph at lines 277--309
[] []
 []


Overfull \hbox (2.61047pt too wide) in paragraph at lines 277--309
[] [] 
 []

[12]

Package natbib Warning: Citation `Itzhak:2016' on page 13 undefined on input li
ne 315.


Package natbib Warning: Citation `Gatto::2019' on page 13 undefined on input li
ne 315.


Package natbib Warning: Citation `Itzhak:2016' on page 13 undefined on input li
ne 315.


Package natbib Warning: Citation `Hirst:2018' on page 13 undefined on input lin
e 315.


Package natbib Warning: Citation `Itzhak::2017' on page 13 undefined on input l
ine 315.


Package natbib Warning: Citation `Itzhak:2016' on page 13 undefined on input li
ne 315.


Package natbib Warning: Citation `Itzhak:2016' on page 13 undefined on input li
ne 317.


LaTeX Warning: Reference `figure:DOM' on page 13 undefined on input line 317.


LaTeX Warning: Reference `figure:DOM' on page 13 undefined on input line 318.


Package natbib Warning: Citation `Itzhak::2017' on page 13 undefined on input l
ine 322.


Package natbib Warning: Citation `Hirst:2018' on page 13 undefined on input lin
e 322.


LaTeX Warning: Reference `supplement:DOM' on page 13 undefined on input line 32
2.


Overfull \hbox (2.61047pt too wide) in paragraph at lines 324--340
[][] []
 []

[13

]

Package natbib Warning: Citation `Breckels:2013' on page 14 undefined on input 
line 349.


LaTeX Warning: Reference `figure:phenodisco' on page 14 undefined on input line
 349.


LaTeX Warning: Reference `figure:phenodisco' on page 14 undefined on input line
 349.


LaTeX Warning: Reference `figure:phenodisco' on page 14 undefined on input line
 349.


LaTeX Warning: Reference `figure:phenodisco' on page 14 undefined on input line
 349.


LaTeX Warning: Reference `figure:phenodisco' on page 14 undefined on input line
 349.


Underfull \hbox (badness 10000) in paragraph at lines 352--395
[][][][]
 []


Overfull \hbox (2.61047pt too wide) in paragraph at lines 352--395
[] []
 []


Overfull \hbox (2.61047pt too wide) in paragraph at lines 352--395
[]$ []
 []


Underfull \hbox (badness 10000) in paragraph at lines 352--395

 []

[14

] [15]

Package natbib Warning: Citation `Crook:2018' on page 16 undefined on input lin
e 400.


LaTeX Warning: Reference `figure:u2os' on page 16 undefined on input line 400.


LaTeX Warning: Reference `figure:u2os' on page 16 undefined on input line 400.


LaTeX Warning: Reference `figure:u2os' on page 16 undefined on input line 400.


Package natbib Warning: Citation `Simonsen::1998' on page 16 undefined on input
 line 402.


Package natbib Warning: Citation `Woodman::2000' on page 16 undefined on input 
line 402.


Package natbib Warning: Citation `Zerial::2001' on page 16 undefined on input l
ine 402.


Package natbib Warning: Citation `Rink::2005' on page 16 undefined on input lin
e 402.


Package natbib Warning: Citation `Mendoza::2013' on page 16 undefined on input 
line 402.


Package natbib Warning: Citation `Chen::2014' on page 16 undefined on input lin
e 402.


Package natbib Warning: Citation `Gautreau::2014' on page 16 undefined on input
 line 402.


Package natbib Warning: Citation `Law::2017' on page 16 undefined on input line
 402.


Package natbib Warning: Citation `Lanzetti::2000' on page 16 undefined on input
 line 402.


Package natbib Warning: Citation `Gautreau::2014' on page 16 undefined on input
 line 402.


Package natbib Warning: Citation `Hoepfner:2005' on page 16 undefined on input 
line 402.


Package natbib Warning: Citation `Carlucci::2010' on page 16 undefined on input
 line 402.


Package natbib Warning: Citation `Araki:2003' on page 16 undefined on input lin
e 402.


Package natbib Warning: Citation `Hoxhaj:2016' on page 16 undefined on input li
ne 402.


Package natbib Warning: Citation `Dilcher::2001' on page 16 undefined on input 
line 402.


Package natbib Warning: Citation `Tai:2004' on page 16 undefined on input line 
402.


Package natbib Warning: Citation `Fukasawa::2004' on page 16 undefined on input
 line 402.


Package natbib Warning: Citation `Meiringer::2008' on page 16 undefined on inpu
t line 402.


Package natbib Warning: Citation `Takats::2018' on page 16 undefined on input l
ine 402.


Package natbib Warning: Citation `Matsui::2018' on page 16 undefined on input l
ine 402.


Package natbib Warning: Citation `Linnemannstons::2018' on page 16 undefined on
 input line 402.


Package natbib Warning: Citation `Yong::2019' on page 16 undefined on input lin
e 402.


LaTeX Warning: Reference `figure:u2os' on page 16 undefined on input line 402.


Package natbib Warning: Citation `Bahl::2016' on page 16 undefined on input lin
e 402.


Package natbib Warning: Citation `Henmi::2016' on page 16 undefined on input li
ne 402.


LaTeX Warning: Reference `figure:u2os' on page 16 undefined on input line 402.


Package natbib Warning: Citation `Naslavsky::2006' on page 16 undefined on inpu
t line 402.


Package natbib Warning: Citation `Naslavsky::2009' on page 16 undefined on inpu
t line 402.


Package natbib Warning: Citation `George::2007' on page 16 undefined on input l
ine 402.


Package natbib Warning: Citation `Cabasso::2015' on page 16 undefined on input 
line 402.


Package natbib Warning: Citation `Henmi::2016' on page 16 undefined on input li
ne 402.


LaTeX Warning: Reference `figure:u2os' on page 16 undefined on input line 404.


Package natbib Warning: Citation `Thul:2017' on page 16 undefined on input line
 404.

[16

]
Underfull \hbox (badness 10000) in paragraph at lines 407--429
[][] [] []
 []

[17]
Overfull \hbox (3.274pt too wide) in paragraph at lines 438--439
[]\T1/cmr/m/n/12 Our method re-vealed res-o-lu-tion of $\OT1/cmr/m/n/12 4$ \T1/
cmr/m/n/12 sub-nuclear com-part-ments in the U-2 OS \T1/cmr/m/it/12 hy-per\T1/c
mr/m/n/12 LOPIT
 []


Package natbib Warning: Citation `Bioconductor::2004' on page 18 undefined on i
nput line 446.


Package natbib Warning: Citation `Huber:2015' on page 18 undefined on input lin
e 446.


Package natbib Warning: Citation `MSnbase:2012' on page 18 undefined on input l
ine 446.


Package natbib Warning: Citation `pRoloc:2014' on page 18 undefined on input li
ne 446.

[18

] [19] [20

] [21] [22] [23] [24] [25] [26]

Package natbib Warning: There were undefined citations.

Package atveryend Info: Empty hook `BeforeClearDocument' on input line 1244.
[27]
Package atveryend Info: Empty hook `AfterLastShipout' on input line 1244.
 (./NoveltyTagm_rev1_clean_pdwk.aux

Package natbib Warning: Citation(s) may have changed.
(natbib)                Rerun to get citations correct.

)
Package atveryend Info: Executing hook `AtVeryEndDocument' on input line 1244.
Package atveryend Info: Executing hook `AtEndAfterFileList' on input line 1244.



Package rerunfilecheck Warning: File `NoveltyTagm_rev1_clean_pdwk.out' has chan
ged.
(rerunfilecheck)                Rerun to get outlines right
(rerunfilecheck)                or use package `bookmark'.

Package rerunfilecheck Info: Checksums for `NoveltyTagm_rev1_clean_pdwk.out':
(rerunfilecheck)             Before: <no file>
(rerunfilecheck)             After:  D41D8CD98F00B204E9800998ECF8427E;0.

LaTeX Warning: There were undefined references.


LaTeX Warning: Label(s) may have changed. Rerun to get cross-references right.

Package atveryend Info: Empty hook `AtVeryVeryEnd' on input line 1244.
 ) 
Here is how much of TeX's memory you used:
 11686 strings out of 492616
 175447 string characters out of 6129482
 299613 words of memory out of 5000000
 15217 multiletter control sequences out of 15000+600000
 32546 words of font info for 88 fonts, out of 8000000 for 9000
 1141 hyphenation exceptions out of 8191
 36i,20n,77p,3119b,582s stack positions out of 5000i,500n,10000p,200000b,80000s
{/usr/local/texlive/2019/texmf-dist/fonts/enc/dvips/cm-super/cm-super-t1.enc}
</usr/local/texlive/2019/texmf-dist/fonts/type1/public/amsfonts/cm/cmbx12.pfb><
/usr/local/texlive/2019/texmf-dist/fonts/type1/public/amsfonts/cm/cmex10.pfb></
usr/local/texlive/2019/texmf-dist/fonts/type1/public/amsfonts/cm/cmmi12.pfb></u
sr/local/texlive/2019/texmf-dist/fonts/type1/public/amsfonts/cm/cmmi6.pfb></usr
/local/texlive/2019/texmf-dist/fonts/type1/public/amsfonts/cm/cmmi8.pfb></usr/l
ocal/texlive/2019/texmf-dist/fonts/type1/public/amsfonts/cm/cmmib10.pfb></usr/l
ocal/texlive/2019/texmf-dist/fonts/type1/public/amsfonts/cm/cmr10.pfb></usr/loc
al/texlive/2019/texmf-dist/fonts/type1/public/amsfonts/cm/cmr12.pfb></usr/local
/texlive/2019/texmf-dist/fonts/type1/public/amsfonts/cm/cmr8.pfb></usr/local/te
xlive/2019/texmf-dist/fonts/type1/public/amsfonts/cm/cmsy10.pfb></usr/local/tex
live/2019/texmf-dist/fonts/type1/public/amsfonts/cm/cmsy7.pfb></usr/local/texli
ve/2019/texmf-dist/fonts/type1/public/amsfonts/cm/cmsy8.pfb></usr/local/texlive
/2019/texmf-dist/fonts/type1/public/amsfonts/symbols/msam10.pfb></usr/local/tex
live/2019/texmf-dist/fonts/type1/public/cm-super/sfbi1440.pfb></usr/local/texli
ve/2019/texmf-dist/fonts/type1/public/cm-super/sfbi1728.pfb></usr/local/texlive
/2019/texmf-dist/fonts/type1/public/cm-super/sfbx1000.pfb></usr/local/texlive/2
019/texmf-dist/fonts/type1/public/cm-super/sfbx1095.pfb></usr/local/texlive/201
9/texmf-dist/fonts/type1/public/cm-super/sfbx1200.pfb></usr/local/texlive/2019/
texmf-dist/fonts/type1/public/cm-super/sfbx1440.pfb></usr/local/texlive/2019/te
xmf-dist/fonts/type1/public/cm-super/sfbx1728.pfb></usr/local/texlive/2019/texm
f-dist/fonts/type1/public/cm-super/sfrm0600.pfb></usr/local/texlive/2019/texmf-
dist/fonts/type1/public/cm-super/sfrm0800.pfb></usr/local/texlive/2019/texmf-di
st/fonts/type1/public/cm-super/sfrm1000.pfb></usr/local/texlive/2019/texmf-dist
/fonts/type1/public/cm-super/sfrm1095.pfb></usr/local/texlive/2019/texmf-dist/f
onts/type1/public/cm-super/sfrm1200.pfb></usr/local/texlive/2019/texmf-dist/fon
ts/type1/public/cm-super/sfrm1440.pfb></usr/local/texlive/2019/texmf-dist/fonts
/type1/public/cm-super/sfrm2074.pfb></usr/local/texlive/2019/texmf-dist/fonts/t
ype1/public/cm-super/sfti0800.pfb></usr/local/texlive/2019/texmf-dist/fonts/typ
e1/public/cm-super/sfti1000.pfb></usr/local/texlive/2019/texmf-dist/fonts/type1
/public/cm-super/sfti1095.pfb></usr/local/texlive/2019/texmf-dist/fonts/type1/p
ublic/cm-super/sfti1200.pfb></usr/local/texlive/2019/texmf-dist/fonts/type1/pub
lic/cm-super/sftt1000.pfb></usr/local/texlive/2019/texmf-dist/fonts/type1/urw/z
apfding/uzdr.pfb>
Output written on NoveltyTagm_rev1_clean_pdwk.pdf (27 pages, 549206 bytes).
PDF statistics:
 423 PDF objects out of 1000 (max. 8388607)
 357 compressed objects within 4 object streams
 160 named destinations out of 1000 (max. 500000)
 1 words of extra memory for PDF output out of 10000 (max. 10000000)

