This is pdfTeX, Version 3.14159265-2.6-1.40.18 (MiKTeX 2.9.6350 64-bit) (preloaded format=pdflatex 2017.6.18)  3 DEC 2018 12:22
entering extended mode
**./NoveltyTagm.tex
(NoveltyTagm.tex
LaTeX2e <2017-04-15>
Babel <3.10> and hyphenation patterns for 75 language(s) loaded.
("C:\Program Files\MiKTeX 2.9\tex\latex\base\article.cls"
Document Class: article 2014/09/29 v1.4h Standard LaTeX document class
("C:\Program Files\MiKTeX 2.9\tex\latex\base\size12.clo"
File: size12.clo 2014/09/29 v1.4h Standard LaTeX file (size option)
)
\c@part=\count79
\c@section=\count80
\c@subsection=\count81
\c@subsubsection=\count82
\c@paragraph=\count83
\c@subparagraph=\count84
\c@figure=\count85
\c@table=\count86
\abovecaptionskip=\skip41
\belowcaptionskip=\skip42
\bibindent=\dimen102
) (natbib.sty
Package: natbib 1998/02/19 6.8 (PWD)
\bibhang=\skip43
\bibsep=\skip44
LaTeX Info: Redefining \cite on input line 451.
\c@NAT@ctr=\count87
)
("C:\Program Files\MiKTeX 2.9\tex\latex\amsmath\amsmath.sty"
Package: amsmath 2016/11/05 v2.16a AMS math features
\@mathmargin=\skip45

For additional information on amsmath, use the `?' option.
("C:\Program Files\MiKTeX 2.9\tex\latex\amsmath\amstext.sty"
Package: amstext 2000/06/29 v2.01 AMS text

("C:\Program Files\MiKTeX 2.9\tex\latex\amsmath\amsgen.sty"
File: amsgen.sty 1999/11/30 v2.0 generic functions
\@emptytoks=\toks14
\ex@=\dimen103
))
("C:\Program Files\MiKTeX 2.9\tex\latex\amsmath\amsbsy.sty"
Package: amsbsy 1999/11/29 v1.2d Bold Symbols
\pmbraise@=\dimen104
)
("C:\Program Files\MiKTeX 2.9\tex\latex\amsmath\amsopn.sty"
Package: amsopn 2016/03/08 v2.02 operator names
)
\inf@bad=\count88
LaTeX Info: Redefining \frac on input line 213.
\uproot@=\count89
\leftroot@=\count90
LaTeX Info: Redefining \overline on input line 375.
\classnum@=\count91
\DOTSCASE@=\count92
LaTeX Info: Redefining \ldots on input line 472.
LaTeX Info: Redefining \dots on input line 475.
LaTeX Info: Redefining \cdots on input line 596.
\Mathstrutbox@=\box26
\strutbox@=\box27
\big@size=\dimen105
LaTeX Font Info:    Redeclaring font encoding OML on input line 712.
LaTeX Font Info:    Redeclaring font encoding OMS on input line 713.
\macc@depth=\count93
\c@MaxMatrixCols=\count94
\dotsspace@=\muskip10
\c@parentequation=\count95
\dspbrk@lvl=\count96
\tag@help=\toks15
\row@=\count97
\column@=\count98
\maxfields@=\count99
\andhelp@=\toks16
\eqnshift@=\dimen106
\alignsep@=\dimen107
\tagshift@=\dimen108
\tagwidth@=\dimen109
\totwidth@=\dimen110
\lineht@=\dimen111
\@envbody=\toks17
\multlinegap=\skip46
\multlinetaggap=\skip47
\mathdisplay@stack=\toks18
LaTeX Info: Redefining \[ on input line 2817.
LaTeX Info: Redefining \] on input line 2818.
)
("C:\Program Files\MiKTeX 2.9\tex\latex\mathtools\mathtools.sty"
Package: mathtools 2017/05/24 v1.19 mathematical typesetting tools

("C:\Program Files\MiKTeX 2.9\tex\latex\graphics\keyval.sty"
Package: keyval 2014/10/28 v1.15 key=value parser (DPC)
\KV@toks@=\toks19
)
("C:\Program Files\MiKTeX 2.9\tex\latex\tools\calc.sty"
Package: calc 2014/10/28 v4.3 Infix arithmetic (KKT,FJ)
\calc@Acount=\count100
\calc@Bcount=\count101
\calc@Adimen=\dimen112
\calc@Bdimen=\dimen113
\calc@Askip=\skip48
\calc@Bskip=\skip49
LaTeX Info: Redefining \setlength on input line 80.
LaTeX Info: Redefining \addtolength on input line 81.
\calc@Ccount=\count102
\calc@Cskip=\skip50
)
("C:\Program Files\MiKTeX 2.9\tex\latex\mathtools\mhsetup.sty"
Package: mhsetup 2017/03/31 v1.3 programming setup (MH)
)
LaTeX Info: Thecontrolsequence`\('isalreadyrobust on input line 129.
LaTeX Info: Thecontrolsequence`\)'isalreadyrobust on input line 129.
LaTeX Info: Thecontrolsequence`\['isalreadyrobust on input line 129.
LaTeX Info: Thecontrolsequence`\]'isalreadyrobust on input line 129.
\g_MT_multlinerow_int=\count103
\l_MT_multwidth_dim=\dimen114
\origjot=\skip51
\l_MT_shortvdotswithinadjustabove_dim=\dimen115
\l_MT_shortvdotswithinadjustbelow_dim=\dimen116
\l_MT_above_intertext_sep=\dimen117
\l_MT_below_intertext_sep=\dimen118
\l_MT_above_shortintertext_sep=\dimen119
\l_MT_below_shortintertext_sep=\dimen120
)
("C:\Program Files\MiKTeX 2.9\tex\latex\amsfonts\amssymb.sty"
Package: amssymb 2013/01/14 v3.01 AMS font symbols

("C:\Program Files\MiKTeX 2.9\tex\latex\amsfonts\amsfonts.sty"
Package: amsfonts 2013/01/14 v3.01 Basic AMSFonts support
\symAMSa=\mathgroup4
\symAMSb=\mathgroup5
LaTeX Font Info:    Overwriting math alphabet `\mathfrak' in version `bold'
(Font)                  U/euf/m/n --> U/euf/b/n on input line 106.
))
("C:\Program Files\MiKTeX 2.9\tex\latex\jknappen\mathrsfs.sty"
Package: mathrsfs 1996/01/01 Math RSFS package v1.0 (jk)
\symrsfs=\mathgroup6
)
("C:\Program Files\MiKTeX 2.9\tex\latex\doublestroke\dsfont.sty"
Package: dsfont 1995/08/01 v0.1 Double stroke roman fonts
)
("C:\Program Files\MiKTeX 2.9\tex\latex\amscls\amsthm.sty"
Package: amsthm 2015/03/04 v2.20.2
\thm@style=\toks20
\thm@bodyfont=\toks21
\thm@headfont=\toks22
\thm@notefont=\toks23
\thm@headpunct=\toks24
\thm@preskip=\skip52
\thm@postskip=\skip53
\thm@headsep=\skip54
\dth@everypar=\toks25
)
("C:\Program Files\MiKTeX 2.9\tex\latex\geometry\geometry.sty"
Package: geometry 2010/09/12 v5.6 Page Geometry

("C:\Program Files\MiKTeX 2.9\tex\generic\oberdiek\ifpdf.sty"
Package: ifpdf 2017/03/15 v3.2 Provides the ifpdf switch
)
("C:\Program Files\MiKTeX 2.9\tex\generic\oberdiek\ifvtex.sty"
Package: ifvtex 2016/05/16 v1.6 Detect VTeX and its facilities (HO)
Package ifvtex Info: VTeX not detected.
)
("C:\Program Files\MiKTeX 2.9\tex\generic\ifxetex\ifxetex.sty"
Package: ifxetex 2010/09/12 v0.6 Provides ifxetex conditional
)
\Gm@cnth=\count104
\Gm@cntv=\count105
\c@Gm@tempcnt=\count106
\Gm@bindingoffset=\dimen121
\Gm@wd@mp=\dimen122
\Gm@odd@mp=\dimen123
\Gm@even@mp=\dimen124
\Gm@layoutwidth=\dimen125
\Gm@layoutheight=\dimen126
\Gm@layouthoffset=\dimen127
\Gm@layoutvoffset=\dimen128
\Gm@dimlist=\toks26

("C:\Program Files\MiKTeX 2.9\tex\latex\geometry\geometry.cfg"))
("C:\Program Files\MiKTeX 2.9\tex\latex\algorithmicx\algpseudocode.sty"
Package: algpseudocode 

("C:\Program Files\MiKTeX 2.9\tex\latex\base\ifthen.sty"
Package: ifthen 2014/09/29 v1.1c Standard LaTeX ifthen package (DPC)
)
("C:\Program Files\MiKTeX 2.9\tex\latex\algorithmicx\algorithmicx.sty"
Package: algorithmicx 2005/04/27 v1.2 Algorithmicx

Document Style algorithmicx 1.2 - a greatly improved `algorithmic' style
\c@ALG@line=\count107
\c@ALG@rem=\count108
\c@ALG@nested=\count109
\ALG@tlm=\skip55
\ALG@thistlm=\skip56
\c@ALG@Lnr=\count110
\c@ALG@blocknr=\count111
\c@ALG@storecount=\count112
\c@ALG@tmpcounter=\count113
\ALG@tmplength=\skip57
)
Document Style - pseudocode environments for use with the `algorithmicx' style
) ("C:\Program Files\MiKTeX 2.9\tex\latex\algorithms\algorithm.sty"
Package: algorithm 2009/08/24 v0.1 Document Style `algorithm' - floating enviro
nment

("C:\Program Files\MiKTeX 2.9\tex\latex\float\float.sty"
Package: float 2001/11/08 v1.3d Float enhancements (AL)
\c@float@type=\count114
\float@exts=\toks27
\float@box=\box28
\@float@everytoks=\toks28
\@floatcapt=\box29
)
\@float@every@algorithm=\toks29
\c@algorithm=\count115
)
("C:\Program Files\MiKTeX 2.9\tex\latex\caption\caption.sty"
Package: caption 2016/02/21 v3.3-144 Customizing captions (AR)

("C:\Program Files\MiKTeX 2.9\tex\latex\caption\caption3.sty"
Package: caption3 2016/05/22 v1.7-166 caption3 kernel (AR)
Package caption3 Info: TeX engine: e-TeX on input line 67.
\captionmargin=\dimen129
\captionmargin@=\dimen130
\captionwidth=\dimen131
\caption@tempdima=\dimen132
\caption@indent=\dimen133
\caption@parindent=\dimen134
\caption@hangindent=\dimen135
)
\c@ContinuedFloat=\count116
Package caption Info: float package is loaded.
)
("C:\Program Files\MiKTeX 2.9\tex\latex\base\fontenc.sty"
Package: fontenc 2017/04/05 v2.0i Standard LaTeX package

("C:\Program Files\MiKTeX 2.9\tex\latex\base\t1enc.def"
File: t1enc.def 2017/04/05 v2.0i Standard LaTeX file
LaTeX Font Info:    Redeclaring font encoding T1 on input line 48.
))
("C:\Program Files\MiKTeX 2.9\tex\generic\babel\babel.sty"
Package: babel 2017/05/19 3.10 The Babel package

*************************************
* Local config file bblopts.cfg used
*
("C:\Program Files\MiKTeX 2.9\tex\latex\arabi\bblopts.cfg"
File: bblopts.cfg 2005/09/08 v0.1 add Arabic and Farsi to "declared" options of
 babel
)
("C:\Program Files\MiKTeX 2.9\tex\latex\babel-english\english.ldf"
Language: english 2017/01/24 v3.3q English support from the babel system

("C:\Program Files\MiKTeX 2.9\tex\generic\babel\babel.def"
File: babel.def 2017/05/19 3.10 Babel common definitions
\babel@savecnt=\count117
\U@D=\dimen136
)
\l@canadian = a dialect from \language\l@american 
\l@australian = a dialect from \language\l@british 
\l@newzealand = a dialect from \language\l@british 
))
("C:\Program Files\MiKTeX 2.9\tex\latex\graphics\graphicx.sty"
Package: graphicx 2014/10/28 v1.0g Enhanced LaTeX Graphics (DPC,SPQR)

("C:\Program Files\MiKTeX 2.9\tex\latex\graphics\graphics.sty"
Package: graphics 2017/04/14 v1.1b Standard LaTeX Graphics (DPC,SPQR)

("C:\Program Files\MiKTeX 2.9\tex\latex\graphics\trig.sty"
Package: trig 2016/01/03 v1.10 sin cos tan (DPC)
)
("C:\Program Files\MiKTeX 2.9\tex\latex\graphics-cfg\graphics.cfg"
File: graphics.cfg 2016/06/04 v1.11 sample graphics configuration
)
Package graphics Info: Driver file: pdftex.def on input line 99.

("C:\Program Files\MiKTeX 2.9\tex\latex\graphics-def\pdftex.def"
File: pdftex.def 2017/01/12 v0.06k Graphics/color for pdfTeX

("C:\Program Files\MiKTeX 2.9\tex\generic\oberdiek\infwarerr.sty"
Package: infwarerr 2016/05/16 v1.4 Providing info/warning/error messages (HO)
)
("C:\Program Files\MiKTeX 2.9\tex\generic\oberdiek\ltxcmds.sty"
Package: ltxcmds 2016/05/16 v1.23 LaTeX kernel commands for general use (HO)
)
\Gread@gobject=\count118
))
\Gin@req@height=\dimen137
\Gin@req@width=\dimen138
)
("C:\Program Files\MiKTeX 2.9\tex\latex\graphics\color.sty"
Package: color 2016/07/10 v1.1e Standard LaTeX Color (DPC)

("C:\Program Files\MiKTeX 2.9\tex\latex\graphics-cfg\color.cfg"
File: color.cfg 2016/01/02 v1.6 sample color configuration
)
Package color Info: Driver file: pdftex.def on input line 147.
)
("C:\Program Files\MiKTeX 2.9\tex\latex\caption\subcaption.sty"
Package: subcaption 2016/05/22 v1.1-161 Sub-captions (AR)
\c@subfigure=\count119
\c@subtable=\count120
)
("C:\Program Files\MiKTeX 2.9\tex\latex\hyperref\hyperref.sty"
Package: hyperref 2017/03/14 v6.85a Hypertext links for LaTeX

("C:\Program Files\MiKTeX 2.9\tex\generic\oberdiek\hobsub-hyperref.sty"
Package: hobsub-hyperref 2016/05/16 v1.14 Bundle oberdiek, subset hyperref (HO)


("C:\Program Files\MiKTeX 2.9\tex\generic\oberdiek\hobsub-generic.sty"
Package: hobsub-generic 2016/05/16 v1.14 Bundle oberdiek, subset generic (HO)
Package: hobsub 2016/05/16 v1.14 Construct package bundles (HO)
Package hobsub Info: Skipping package `infwarerr' (already loaded).
Package hobsub Info: Skipping package `ltxcmds' (already loaded).
Package: ifluatex 2016/05/16 v1.4 Provides the ifluatex switch (HO)
Package ifluatex Info: LuaTeX not detected.
Package hobsub Info: Skipping package `ifvtex' (already loaded).
Package: intcalc 2016/05/16 v1.2 Expandable calculations with integers (HO)
Package hobsub Info: Skipping package `ifpdf' (already loaded).
Package: etexcmds 2016/05/16 v1.6 Avoid name clashes with e-TeX commands (HO)
Package etexcmds Info: Could not find \expanded.
(etexcmds)             That can mean that you are not using pdfTeX 1.50 or
(etexcmds)             that some package has redefined \expanded.
(etexcmds)             In the latter case, load this package earlier.
Package: kvsetkeys 2016/05/16 v1.17 Key value parser (HO)
Package: kvdefinekeys 2016/05/16 v1.4 Define keys (HO)
Package: pdftexcmds 2017/03/19 v0.25 Utility functions of pdfTeX for LuaTeX (HO
)
Package pdftexcmds Info: LuaTeX not detected.
Package pdftexcmds Info: \pdf@primitive is available.
Package pdftexcmds Info: \pdf@ifprimitive is available.
Package pdftexcmds Info: \pdfdraftmode found.
Package: pdfescape 2016/05/16 v1.14 Implements pdfTeX's escape features (HO)
Package: bigintcalc 2016/05/16 v1.4 Expandable calculations on big integers (HO
)
Package: bitset 2016/05/16 v1.2 Handle bit-vector datatype (HO)
Package: uniquecounter 2016/05/16 v1.3 Provide unlimited unique counter (HO)
)
Package hobsub Info: Skipping package `hobsub' (already loaded).
Package: letltxmacro 2016/05/16 v1.5 Let assignment for LaTeX macros (HO)
Package: hopatch 2016/05/16 v1.3 Wrapper for package hooks (HO)
Package: xcolor-patch 2016/05/16 xcolor patch
Package: atveryend 2016/05/16 v1.9 Hooks at the very end of document (HO)
Package atveryend Info: \enddocument detected (standard20110627).
Package: atbegshi 2016/06/09 v1.18 At begin shipout hook (HO)
Package: refcount 2016/05/16 v3.5 Data extraction from label references (HO)
Package: hycolor 2016/05/16 v1.8 Color options for hyperref/bookmark (HO)
)
("C:\Program Files\MiKTeX 2.9\tex\latex\oberdiek\auxhook.sty"
Package: auxhook 2016/05/16 v1.4 Hooks for auxiliary files (HO)
)
("C:\Program Files\MiKTeX 2.9\tex\latex\oberdiek\kvoptions.sty"
Package: kvoptions 2016/05/16 v3.12 Key value format for package options (HO)
)
\@linkdim=\dimen139
\Hy@linkcounter=\count121
\Hy@pagecounter=\count122

("C:\Program Files\MiKTeX 2.9\tex\latex\hyperref\pd1enc.def"
File: pd1enc.def 2017/03/14 v6.85a Hyperref: PDFDocEncoding definition (HO)
)
\Hy@SavedSpaceFactor=\count123

("C:\Program Files\MiKTeX 2.9\tex\latex\00miktex\hyperref.cfg"
File: hyperref.cfg 2002/06/06 v1.2 hyperref configuration of TeXLive
)
Package hyperref Info: Option `colorlinks' set `true' on input line 4374.
Package hyperref Info: Hyper figures OFF on input line 4498.
Package hyperref Info: Link nesting OFF on input line 4503.
Package hyperref Info: Hyper index ON on input line 4506.
Package hyperref Info: Plain pages OFF on input line 4513.
Package hyperref Info: Backreferencing OFF on input line 4518.
Package hyperref Info: Implicit mode ON; LaTeX internals redefined.
Package hyperref Info: Bookmarks ON on input line 4751.
\c@Hy@tempcnt=\count124

("C:\Program Files\MiKTeX 2.9\tex\latex\url\url.sty"
\Urlmuskip=\muskip11
Package: url 2013/09/16  ver 3.4  Verb mode for urls, etc.
)
LaTeX Info: Redefining \url on input line 5104.
\XeTeXLinkMargin=\dimen140
\Fld@menulength=\count125
\Field@Width=\dimen141
\Fld@charsize=\dimen142
Package hyperref Info: Hyper figures OFF on input line 6358.
Package hyperref Info: Link nesting OFF on input line 6363.
Package hyperref Info: Hyper index ON on input line 6366.
Package hyperref Info: backreferencing OFF on input line 6373.
Package hyperref Info: Link coloring ON on input line 6376.
Package hyperref Info: Link coloring with OCG OFF on input line 6383.
Package hyperref Info: PDF/A mode OFF on input line 6388.
LaTeX Info: Redefining \ref on input line 6428.
LaTeX Info: Redefining \pageref on input line 6432.
\Hy@abspage=\count126
\c@Item=\count127
\c@Hfootnote=\count128
)

Package hyperref Message: Driver (autodetected): hpdftex.

("C:\Program Files\MiKTeX 2.9\tex\latex\hyperref\hpdftex.def"
File: hpdftex.def 2017/03/14 v6.85a Hyperref driver for pdfTeX
\Fld@listcount=\count129
\c@bookmark@seq@number=\count130

("C:\Program Files\MiKTeX 2.9\tex\latex\oberdiek\rerunfilecheck.sty"
Package: rerunfilecheck 2016/05/16 v1.8 Rerun checks for auxiliary files (HO)
Package uniquecounter Info: New unique counter `rerunfilecheck' on input line 2
82.
)
\Hy@SectionHShift=\skip58
)
("C:\Program Files\MiKTeX 2.9\tex\latex\enumitem\enumitem.sty"
Package: enumitem 2011/09/28 v3.5.2 Customized lists
\labelindent=\skip59
\enit@outerparindent=\dimen143
\enit@toks=\toks30
\enit@inbox=\box30
\enitdp@description=\count131
)
("C:\Program Files\MiKTeX 2.9\tex\latex\preprint\authblk.sty"
Package: authblk 2001/02/27 1.3 (PWD)
\affilsep=\skip60
\@affilsep=\skip61
\c@Maxaffil=\count132
\c@authors=\count133
\c@affil=\count134
)
("C:\Program Files\MiKTeX 2.9\tex\latex\lineno\lineno.sty"
Package: lineno 2005/11/02 line numbers on paragraphs v4.41
\linenopenalty=\count135
\output=\toks31
\linenoprevgraf=\count136
\linenumbersep=\dimen144
\linenumberwidth=\dimen145
\c@linenumber=\count137
\c@pagewiselinenumber=\count138
\c@LN@truepage=\count139
\c@internallinenumber=\count140
\c@internallinenumbers=\count141
\quotelinenumbersep=\dimen146
\bframerule=\dimen147
\bframesep=\dimen148
\bframebox=\box31
LaTeX Info: Redefining \\ on input line 3056.
)
("C:\Program Files\MiKTeX 2.9\tex\latex\ulem\ulem.sty"
\UL@box=\box32
\UL@hyphenbox=\box33
\UL@skip=\skip62
\UL@hook=\toks32
\UL@height=\dimen149
\UL@pe=\count142
\UL@pixel=\dimen150
\ULC@box=\box34
Package: ulem 2012/05/18
\ULdepth=\dimen151
) (NoveltyTagm.aux)
\openout1 = `NoveltyTagm.aux'.

LaTeX Font Info:    Checking defaults for OML/cmm/m/it on input line 42.
LaTeX Font Info:    ... okay on input line 42.
LaTeX Font Info:    Checking defaults for T1/cmr/m/n on input line 42.
LaTeX Font Info:    ... okay on input line 42.
LaTeX Font Info:    Checking defaults for OT1/cmr/m/n on input line 42.
LaTeX Font Info:    ... okay on input line 42.
LaTeX Font Info:    Checking defaults for OMS/cmsy/m/n on input line 42.
LaTeX Font Info:    ... okay on input line 42.
LaTeX Font Info:    Checking defaults for OMX/cmex/m/n on input line 42.
LaTeX Font Info:    ... okay on input line 42.
LaTeX Font Info:    Checking defaults for U/cmr/m/n on input line 42.
LaTeX Font Info:    ... okay on input line 42.
LaTeX Font Info:    Checking defaults for PD1/pdf/m/n on input line 42.
LaTeX Font Info:    ... okay on input line 42.

*geometry* driver: auto-detecting
*geometry* detected driver: pdftex
*geometry* verbose mode - [ preamble ] result:
* driver: pdftex
* paper: <default>
* layout: <same size as paper>
* layoutoffset:(h,v)=(0.0pt,0.0pt)
* modes: 
* h-part:(L,W,R)=(72.26999pt, 469.75502pt, 72.26999pt)
* v-part:(T,H,B)=(72.26999pt, 650.43001pt, 72.26999pt)
* \paperwidth=614.295pt
* \paperheight=794.96999pt
* \textwidth=469.75502pt
* \textheight=650.43001pt
* \oddsidemargin=0.0pt
* \evensidemargin=0.0pt
* \topmargin=-37.0pt
* \headheight=12.0pt
* \headsep=25.0pt
* \topskip=12.0pt
* \footskip=30.0pt
* \marginparwidth=44.0pt
* \marginparsep=10.0pt
* \columnsep=10.0pt
* \skip\footins=10.8pt plus 4.0pt minus 2.0pt
* \hoffset=0.0pt
* \voffset=0.0pt
* \mag=1000
* \@twocolumnfalse
* \@twosidefalse
* \@mparswitchfalse
* \@reversemarginfalse
* (1in=72.27pt=25.4mm, 1cm=28.453pt)

Package caption Info: Begin \AtBeginDocument code.
Package caption Info: hyperref package is loaded.
Package caption Info: End \AtBeginDocument code.
("C:\Program Files\MiKTeX 2.9\tex\context\base\supp-pdf.mkii"
[Loading MPS to PDF converter (version 2006.09.02).]
\scratchcounter=\count143
\scratchdimen=\dimen152
\scratchbox=\box35
\nofMPsegments=\count144
\nofMParguments=\count145
\everyMPshowfont=\toks33
\MPscratchCnt=\count146
\MPscratchDim=\dimen153
\MPnumerator=\count147
\makeMPintoPDFobject=\count148
\everyMPtoPDFconversion=\toks34
) ("C:\Program Files\MiKTeX 2.9\tex\latex\oberdiek\epstopdf-base.sty"
Package: epstopdf-base 2016/05/15 v2.6 Base part for package epstopdf

("C:\Program Files\MiKTeX 2.9\tex\latex\oberdiek\grfext.sty"
Package: grfext 2016/05/16 v1.2 Manage graphics extensions (HO)
)
Package epstopdf-base Info: Redefining graphics rule for `.eps' on input line 4
38.
Package grfext Info: Graphics extension search list:
(grfext)             [.png,.pdf,.jpg,.mps,.jpeg,.jbig2,.jb2,.PNG,.PDF,.JPG,.JPE
G,.JBIG2,.JB2,.eps]
(grfext)             \AppendGraphicsExtensions on input line 456.
)
\AtBeginShipoutBox=\box36
Package hyperref Info: Link coloring ON on input line 42.

("C:\Program Files\MiKTeX 2.9\tex\latex\hyperref\nameref.sty"
Package: nameref 2016/05/21 v2.44 Cross-referencing by name of section

("C:\Program Files\MiKTeX 2.9\tex\generic\oberdiek\gettitlestring.sty"
Package: gettitlestring 2016/05/16 v1.5 Cleanup title references (HO)
)
\c@section@level=\count149
)
LaTeX Info: Redefining \ref on input line 42.
LaTeX Info: Redefining \pageref on input line 42.
LaTeX Info: Redefining \nameref on input line 42.

(NoveltyTagm.out) (NoveltyTagm.out)
\@outlinefile=\write3
\openout3 = `NoveltyTagm.out'.

LaTeX Font Info:    Try loading font information for U+msa on input line 44.

("C:\Program Files\MiKTeX 2.9\tex\latex\amsfonts\umsa.fd"
File: umsa.fd 2013/01/14 v3.01 AMS symbols A
)
LaTeX Font Info:    Try loading font information for U+msb on input line 44.

("C:\Program Files\MiKTeX 2.9\tex\latex\amsfonts\umsb.fd"
File: umsb.fd 2013/01/14 v3.01 AMS symbols B
)
LaTeX Font Info:    Try loading font information for U+rsfs on input line 44.

("C:\Program Files\MiKTeX 2.9\tex\latex\jknappen\ursfs.fd"
File: ursfs.fd 1998/03/24 rsfs font definition file (jk)
)
LaTeX Font Info:    Try loading font information for OMS+cmr on input line 44.

("C:\Program Files\MiKTeX 2.9\tex\latex\base\omscmr.fd"
File: omscmr.fd 2014/09/29 v2.5h Standard LaTeX font definitions
)
LaTeX Font Info:    Font shape `OMS/cmr/m/n' in size <10> not available
(Font)              Font shape `OMS/cmsy/m/n' tried instead on input line 44.
LaTeX Font Info:    Font shape `OMS/cmr/m/n' in size <7> not available
(Font)              Font shape `OMS/cmsy/m/n' tried instead on input line 44.
LaTeX Font Info:    Try loading font information for T1+cmtt on input line 44.

("C:\Program Files\MiKTeX 2.9\tex\latex\base\t1cmtt.fd"
File: t1cmtt.fd 2014/09/29 v2.5h Standard LaTeX font definitions
) [1

{C:/ProgramData/MiKTeX/2.9/pdftex/config/pdftex.map}]
Overfull \hbox (4.80823pt too wide) in paragraph at lines 54--55
\T1/cmr/m/n/12 ing al-go-rithms to make protein-organelle as-so-ci-a-tions, see
 ([][]Gatto \T1/cmr/m/it/12 et al.\T1/cmr/m/n/12 , 2014a[][]) for an overview.
 []

[2] [3] [4] [5]
LaTeX Font Info:    Try loading font information for U+dsrom on input line 148.

 ("C:\Program Files\MiKTeX 2.9\tex\latex\doublestroke\udsrom.fd"
File: Udsrom.fd 1995/08/01 v0.1 Double stroke roman font definitions
) [6] [7] [8

] <figures/pcaMousehl.pdf, id=258, 867.24pt x 722.7pt>
File: figures/pcaMousehl.pdf Graphic file (type pdf)

<use figures/pcaMousehl.pdf>
Package pdftex.def Info: figures/pcaMousehl.pdf used on input line 182.
(pdftex.def)             Requested size: 216.80946pt x 180.67499pt.

<figures/heatmapMousehl.pdf, id=259, 867.24pt x 722.7pt>
File: figures/heatmapMousehl.pdf Graphic file (type pdf)

<use figures/heatmapMousehl.pdf>
Package pdftex.def Info: figures/heatmapMousehl.pdf used on input line 187.
(pdftex.def)             Requested size: 216.80946pt x 180.67499pt.

<figures/pcau2oshl.pdf, id=260, 867.24pt x 722.7pt>
File: figures/pcau2oshl.pdf Graphic file (type pdf)

<use figures/pcau2oshl.pdf>
Package pdftex.def Info: figures/pcau2oshl.pdf used on input line 193.
(pdftex.def)             Requested size: 216.80946pt x 180.67499pt.

<figures/heatmapuU2oshl.pdf, id=261, 867.24pt x 722.7pt>
File: figures/heatmapuU2oshl.pdf Graphic file (type pdf)

<use figures/heatmapuU2oshl.pdf>
Package pdftex.def Info: figures/heatmapuU2oshl.pdf used on input line 198.
(pdftex.def)             Requested size: 216.80946pt x 180.67499pt.

Overfull \hbox (2.61047pt too wide) in paragraph at lines 180--201
[][] []
 []


Overfull \hbox (2.61047pt too wide) in paragraph at lines 180--201
[] [] 
 []

[9] [10 <./figures/pcaMousehl.pdf> <./figures/heatmapMousehl.pdf

pdfTeX warning: pdflatex.exe (file ./figures/heatmapMousehl.pdf): PDF inclusion
: multiple pdfs with page group included in a single page
> <./figures/pcau2oshl.pdf

pdfTeX warning: pdflatex.exe (file ./figures/pcau2oshl.pdf): PDF inclusion: mul
tiple pdfs with page group included in a single page
> <./figures/heatmapuU2oshl.pdf

pdfTeX warning: pdflatex.exe (file ./figures/heatmapuU2oshl.pdf): PDF inclusion
: multiple pdfs with page group included in a single page
>] [11

] <figures/pcau2osdc.pdf, id=353, 867.24pt x 722.7pt>
File: figures/pcau2osdc.pdf Graphic file (type pdf)

<use figures/pcau2osdc.pdf>
Package pdftex.def Info: figures/pcau2osdc.pdf used on input line 219.
(pdftex.def)             Requested size: 216.80946pt x 180.67499pt.
 <heatmapU2osdc.pdf, id=354, 867.24pt x 722.7pt>
File: heatmapU2osdc.pdf Graphic file (type pdf)

<use heatmapU2osdc.pdf>
Package pdftex.def Info: heatmapU2osdc.pdf used on input line 224.
(pdftex.def)             Requested size: 216.80946pt x 180.67499pt.
 <figures/pcaYeast.pdf, id=355, 867.24pt x 722.7pt>
File: figures/pcaYeast.pdf Graphic file (type pdf)

<use figures/pcaYeast.pdf>
Package pdftex.def Info: figures/pcaYeast.pdf used on input line 230.
(pdftex.def)             Requested size: 216.80946pt x 180.67499pt.

<figures/heatmapYeast.pdf, id=356, 867.24pt x 722.7pt>
File: figures/heatmapYeast.pdf Graphic file (type pdf)

<use figures/heatmapYeast.pdf>
Package pdftex.def Info: figures/heatmapYeast.pdf used on input line 235.
(pdftex.def)             Requested size: 216.80946pt x 180.67499pt.

Overfull \hbox (2.61047pt too wide) in paragraph at lines 217--238
[][] []
 []


Overfull \hbox (2.61047pt too wide) in paragraph at lines 217--238
[] [] 
 []

<figures/pcaBeltranH.pdf, id=357, 867.24pt x 722.7pt>
File: figures/pcaBeltranH.pdf Graphic file (type pdf)

<use figures/pcaBeltranH.pdf>
Package pdftex.def Info: figures/pcaBeltranH.pdf used on input line 245.
(pdftex.def)             Requested size: 216.80946pt x 180.67499pt.

<figures/HeatmapHCMV.pdf, id=358, 867.24pt x 722.7pt>
File: figures/HeatmapHCMV.pdf Graphic file (type pdf)

<use figures/HeatmapHCMV.pdf>
Package pdftex.def Info: figures/HeatmapHCMV.pdf used on input line 250.
(pdftex.def)             Requested size: 216.80946pt x 180.67499pt.

<figures/pcaMOCK.pdf, id=359, 867.24pt x 722.7pt>
File: figures/pcaMOCK.pdf Graphic file (type pdf)
 <use figures/pcaMOCK.pdf>
Package pdftex.def Info: figures/pcaMOCK.pdf used on input line 256.
(pdftex.def)             Requested size: 216.80946pt x 180.67499pt.

<figures/heatmapMOCK.pdf, id=360, 867.24pt x 722.7pt>
File: figures/heatmapMOCK.pdf Graphic file (type pdf)

<use figures/heatmapMOCK.pdf>
Package pdftex.def Info: figures/heatmapMOCK.pdf used on input line 261.
(pdftex.def)             Requested size: 216.80946pt x 180.67499pt.

Overfull \hbox (2.61047pt too wide) in paragraph at lines 243--264
[][] []
 []


Overfull \hbox (2.61047pt too wide) in paragraph at lines 243--264
[] [] 
 []

[12] [13 <./figures/pcau2osdc.pdf> <./heatmapU2osdc.pdf

pdfTeX warning: pdflatex.exe (file ./heatmapU2osdc.pdf): PDF inclusion: multipl
e pdfs with page group included in a single page
> <./figures/pcaYeast.pdf

pdfTeX warning: pdflatex.exe (file ./figures/pcaYeast.pdf): PDF inclusion: mult
iple pdfs with page group included in a single page
> <./figures/heatmapYeast.pdf

pdfTeX warning: pdflatex.exe (file ./figures/heatmapYeast.pdf): PDF inclusion: 
multiple pdfs with page group included in a single page
>] [14 <./figures/pcaBeltranH.pdf> <./figures/HeatmapHCMV.pdf

pdfTeX warning: pdflatex.exe (file ./figures/HeatmapHCMV.pdf): PDF inclusion: m
ultiple pdfs with page group included in a single page
> <./figures/pcaMOCK.pdf

pdfTeX warning: pdflatex.exe (file ./figures/pcaMOCK.pdf): PDF inclusion: multi
ple pdfs with page group included in a single page
> <./figures/heatmapMOCK.pdf

pdfTeX warning: pdflatex.exe (file ./figures/heatmapMOCK.pdf): PDF inclusion: m
ultiple pdfs with page group included in a single page
>] <figures/pcaItzhak2016.pdf, id=493, 867.24pt x 722.7pt>
File: figures/pcaItzhak2016.pdf Graphic file (type pdf)

<use figures/pcaItzhak2016.pdf>
Package pdftex.def Info: figures/pcaItzhak2016.pdf used on input line 279.
(pdftex.def)             Requested size: 173.44493pt x 144.54pt.

<figures/itzhak2016heatmap.pdf, id=494, 867.24pt x 722.7pt>
File: figures/itzhak2016heatmap.pdf Graphic file (type pdf)

<use figures/itzhak2016heatmap.pdf>
Package pdftex.def Info: figures/itzhak2016heatmap.pdf used on input line 284.
(pdftex.def)             Requested size: 173.44493pt x 144.54pt.

<figures/pcaItzhak2017.pdf, id=495, 867.24pt x 722.7pt>
File: figures/pcaItzhak2017.pdf Graphic file (type pdf)

<use figures/pcaItzhak2017.pdf>
Package pdftex.def Info: figures/pcaItzhak2017.pdf used on input line 290.
(pdftex.def)             Requested size: 173.44493pt x 144.54pt.

<figures/heatmapItzhak2017.pdf, id=496, 867.24pt x 722.7pt>
File: figures/heatmapItzhak2017.pdf Graphic file (type pdf)

<use figures/heatmapItzhak2017.pdf>
Package pdftex.def Info: figures/heatmapItzhak2017.pdf used on input line 295.
(pdftex.def)             Requested size: 173.44493pt x 144.54pt.

<figures/pcaHirst.pdf, id=497, 867.24pt x 722.7pt>
File: figures/pcaHirst.pdf Graphic file (type pdf)
 <use figures/pcaHirst.pdf>
Package pdftex.def Info: figures/pcaHirst.pdf used on input line 301.
(pdftex.def)             Requested size: 173.44493pt x 144.54pt.

<figures/heatmapHirst.pdf, id=498, 867.24pt x 722.7pt>
File: figures/heatmapHirst.pdf Graphic file (type pdf)

<use figures/heatmapHirst.pdf>
Package pdftex.def Info: figures/heatmapHirst.pdf used on input line 306.
(pdftex.def)             Requested size: 173.44493pt x 144.54pt.

Overfull \hbox (2.61047pt too wide) in paragraph at lines 277--309
[][] []
 []


Overfull \hbox (2.61047pt too wide) in paragraph at lines 277--309
[] []
 []


Overfull \hbox (2.61047pt too wide) in paragraph at lines 277--309
[] [] 
 []

[15

] [16 <./figures/pcaItzhak2016.pdf> <./figures/itzhak2016heatmap.pdf

pdfTeX warning: pdflatex.exe (file ./figures/itzhak2016heatmap.pdf): PDF inclus
ion: multiple pdfs with page group included in a single page
> <./figures/pcaItzhak2017.pdf

pdfTeX warning: pdflatex.exe (file ./figures/pcaItzhak2017.pdf): PDF inclusion:
 multiple pdfs with page group included in a single page
> <./figures/heatmapItzhak2017.pdf

pdfTeX warning: pdflatex.exe (file ./figures/heatmapItzhak2017.pdf): PDF inclus
ion: multiple pdfs with page group included in a single page
> <./figures/pcaHirst.pdf

pdfTeX warning: pdflatex.exe (file ./figures/pcaHirst.pdf): PDF inclusion: mult
iple pdfs with page group included in a single page
> <./figures/heatmapHirst.pdf

pdfTeX warning: pdflatex.exe (file ./figures/heatmapHirst.pdf): PDF inclusion: 
multiple pdfs with page group included in a single page
>] [17

] (NoveltyTagm.bbl [18

] [19] [20])
Package atveryend Info: Empty hook `BeforeClearDocument' on input line 332.
 [21]
Package atveryend Info: Empty hook `AfterLastShipout' on input line 332.
 (NoveltyTagm.aux)
Package atveryend Info: Executing hook `AtVeryEndDocument' on input line 332.
Package atveryend Info: Executing hook `AtEndAfterFileList' on input line 332.
Package rerunfilecheck Info: File `NoveltyTagm.out' has not changed.
(rerunfilecheck)             Checksum: 146382F0E9B9CA562A34F8BE1966E8BA;941.
Package atveryend Info: Empty hook `AtVeryVeryEnd' on input line 332.
 ) 
Here is how much of TeX's memory you used:
 10565 strings out of 493323
 156942 string characters out of 3139066
 273369 words of memory out of 3000000
 13784 multiletter control sequences out of 15000+200000
 29959 words of font info for 90 fonts, out of 3000000 for 9000
 1141 hyphenation exceptions out of 8191
 36i,20n,39p,1994b,535s stack positions out of 5000i,500n,10000p,200000b,50000s
 <C:\Users\OllyC\AppData\Local\MiKTeX\2.9\fonts\pk\ljfour\jknappen\ec\dpi600\
ecbi1440.pk> <C:\Users\OllyC\AppData\Local\MiKTeX\2.9\fonts\pk\ljfour\jknappen\
ec\dpi600\ecbx1200.pk> <C:\Users\OllyC\AppData\Local\MiKTeX\2.9\fonts\pk\ljfour
\jknappen\ec\dpi600\ecbx1440.pk> <C:\Users\OllyC\AppData\Local\MiKTeX\2.9\fonts
\pk\ljfour\jknappen\ec\dpi600\ecti1200.pk> <C:\Users\OllyC\AppData\Local\MiKTeX
\2.9\fonts\pk\ljfour\jknappen\ec\dpi600\ecbx1728.pk> <C:\Users\OllyC\AppData\Lo
cal\MiKTeX\2.9\fonts\pk\ljfour\jknappen\ec\dpi600\ecrm1200.pk> <C:\Users\OllyC\
AppData\Local\MiKTeX\2.9\fonts\pk\ljfour\jknappen\ec\dpi600\ectt1000.pk> <C:\Us
ers\OllyC\AppData\Local\MiKTeX\2.9\fonts\pk\ljfour\jknappen\ec\dpi600\ecti1095.
pk> <C:\Users\OllyC\AppData\Local\MiKTeX\2.9\fonts\pk\ljfour\jknappen\ec\dpi600
\ecrm1095.pk> <C:\Users\OllyC\AppData\Local\MiKTeX\2.9\fonts\pk\ljfour\jknappen
\ec\dpi600\ecbx1095.pk> <C:\Users\OllyC\AppData\Local\MiKTeX\2.9\fonts\pk\ljfou
r\jknappen\ec\dpi600\ecrm1000.pk> <C:\Users\OllyC\AppData\Local\MiKTeX\2.9\font
s\pk\ljfour\jknappen\ec\dpi600\ecrm1440.pk> <C:\Users\OllyC\AppData\Local\MiKTe
X\2.9\fonts\pk\ljfour\jknappen\ec\dpi600\ecrm2074.pk><C:/Program Files/MiKTeX 2
.9/fonts/type1/public/amsfonts/cm/cmbx12.pfb><C:/Program Files/MiKTeX 2.9/fonts
/type1/public/amsfonts/cm/cmex10.pfb><C:/Program Files/MiKTeX 2.9/fonts/type1/p
ublic/amsfonts/cm/cmmi12.pfb><C:/Program Files/MiKTeX 2.9/fonts/type1/public/am
sfonts/cm/cmmi6.pfb><C:/Program Files/MiKTeX 2.9/fonts/type1/public/amsfonts/cm
/cmmi8.pfb><C:/Program Files/MiKTeX 2.9/fonts/type1/public/amsfonts/cm/cmmib10.
pfb><C:/Program Files/MiKTeX 2.9/fonts/type1/public/amsfonts/cm/cmr10.pfb><C:/P
rogram Files/MiKTeX 2.9/fonts/type1/public/amsfonts/cm/cmr12.pfb><C:/Program Fi
les/MiKTeX 2.9/fonts/type1/public/amsfonts/cm/cmr8.pfb><C:/Program Files/MiKTeX
 2.9/fonts/type1/public/amsfonts/cm/cmsy10.pfb><C:/Program Files/MiKTeX 2.9/fon
ts/type1/public/amsfonts/cm/cmsy6.pfb><C:/Program Files/MiKTeX 2.9/fonts/type1/
public/amsfonts/cm/cmsy7.pfb><C:/Program Files/MiKTeX 2.9/fonts/type1/public/am
sfonts/cm/cmsy8.pfb><C:/Program Files/MiKTeX 2.9/fonts/type1/public/doublestrok
e/dsrom12.pfb>
Output written on NoveltyTagm.pdf (21 pages, 86447185 bytes).
PDF statistics:
 1110 PDF objects out of 1200 (max. 8388607)
 104 named destinations out of 1000 (max. 500000)
 195 words of extra memory for PDF output out of 10000 (max. 10000000)

