\BOOKMARK [1][-]{section.1}{Introduction}{}% 1
\BOOKMARK [1][-]{section.2}{Methods}{}% 2
\BOOKMARK [2][-]{subsection.2.1}{Datasets}{section.2}% 3
\BOOKMARK [2][-]{subsection.2.2}{Model}{section.2}% 4
\BOOKMARK [3][-]{subsubsection.2.2.1}{Spatial proteomics mixture model}{subsection.2.2}% 5
\BOOKMARK [3][-]{subsubsection.2.2.2}{Bayesian inference and convergence}{subsection.2.2}% 6
\BOOKMARK [3][-]{subsubsection.2.2.3}{Visualising patterns in uncertainty}{subsection.2.2}% 7
\BOOKMARK [3][-]{subsubsection.2.2.4}{Uncertainty quantification}{subsection.2.2}% 8
\BOOKMARK [3][-]{subsubsection.2.2.5}{Applying the model in practise}{subsection.2.2}% 9
\BOOKMARK [2][-]{subsection.2.3}{Validating computational approaches}{section.2}% 10
\BOOKMARK [3][-]{subsubsection.2.3.1}{Artificial masking of annotations to recover experimental design}{subsection.2.3}% 11
\BOOKMARK [3][-]{subsubsection.2.3.2}{The Human Protein Atlas}{subsection.2.3}% 12
\BOOKMARK [3][-]{subsubsection.2.3.3}{Gene Ontology \(GO\) term enrichment}{subsection.2.3}% 13
\BOOKMARK [3][-]{subsubsection.2.3.4}{Robustness across multiple MS-based spatial proteomics datasets}{subsection.2.3}% 14
\BOOKMARK [1][-]{section.3}{Results}{}% 15
\BOOKMARK [2][-]{subsection.3.1}{Validating experimental design in hyperLOPIT}{section.3}% 16
\BOOKMARK [3][-]{subsubsection.3.1.1}{Pluripotent mESCs \(E14TG2a\)}{subsection.3.1}% 17
\BOOKMARK [3][-]{subsubsection.3.1.2}{The human bone osteosarcoma \(U-2 OS\) cells}{subsection.3.1}% 18
\BOOKMARK [2][-]{subsection.3.2}{Uncovering additional sub-cellular structures}{section.3}% 19
\BOOKMARK [3][-]{subsubsection.3.2.1}{U-2 OS cell line revisited}{subsection.3.2}% 20
\BOOKMARK [3][-]{subsubsection.3.2.2}{Saccharomyces cerevisiae}{subsection.3.2}% 21
\BOOKMARK [3][-]{subsubsection.3.2.3}{HCMV-infected fibroblast cells}{subsection.3.2}% 22
\BOOKMARK [3][-]{subsubsection.3.2.4}{Fibroblast cells without infection}{subsection.3.2}% 23
\BOOKMARK [2][-]{subsection.3.3}{Refining annotation in organellar maps}{section.3}% 24
\BOOKMARK [3][-]{subsubsection.3.3.1}{HeLa cells \(Itzhak et. al 2016\)}{subsection.3.3}% 25
\BOOKMARK [3][-]{subsubsection.3.3.2}{Mouse primary neurons}{subsection.3.3}% 26
\BOOKMARK [3][-]{subsubsection.3.3.3}{HeLa cells \(Hirst et. al 2018\)}{subsection.3.3}% 27
\BOOKMARK [1][-]{section.4}{Comparison between Novelty TAGM and phenoDisco}{}% 28
\BOOKMARK [1][-]{section.5}{Improved annotation allows exploration of endosomal processes}{}% 29
\BOOKMARK [1][-]{section.6}{Discussion}{}% 30
\BOOKMARK [1][-]{section.7}{Appendix}{}% 31
\BOOKMARK [2][-]{subsection.7.1}{Handling label switching}{section.7}% 32
\BOOKMARK [2][-]{subsection.7.2}{Summarising posterior similarity matrices}{section.7}% 33
\BOOKMARK [2][-]{subsection.7.3}{Details of MCMC}{section.7}% 34
\BOOKMARK [2][-]{subsection.7.4}{Summary of convergence diagnostics}{section.7}% 35
